11:05:2023 13:26:54.295 SerikHome tomcat {INFO } {main} {o.s.b.t.c.SpringBootTestContextBootstrapper}: Neither @ContextConfiguration nor @ContextHierarchy found for test class [soap.start.serik.SerikApplicationTests], using SpringBootContextLoader
11:05:2023 13:26:54.312 SerikHome tomcat {INFO } {main} {o.s.t.c.s.AbstractContextLoader}: Could not detect default resource locations for test class [soap.start.serik.SerikApplicationTests]: no resource found for suffixes {-context.xml, Context.groovy}.
11:05:2023 13:26:54.312 SerikHome tomcat {INFO } {main} {o.s.t.c.s.AnnotationConfigContextLoaderUtils}: Could not detect default configuration classes for test class [soap.start.serik.SerikApplicationTests]: SerikApplicationTests does not declare any static, non-private, non-final, nested classes annotated with @Configuration.
11:05:2023 13:26:54.410 SerikHome tomcat {INFO } {main} {o.s.b.t.c.SpringBootTestContextBootstrapper}: Found @SpringBootConfiguration soap.start.serik.SerikApplication for test class soap.start.serik.SerikApplicationTests
11:05:2023 13:26:54.537 SerikHome tomcat {INFO } {main} {o.s.b.t.c.SpringBootTestContextBootstrapper}: Loaded default TestExecutionListener class names from location [META-INF/spring.factories]: [org.springframework.boot.test.mock.mockito.MockitoTestExecutionListener, org.springframework.boot.test.mock.mockito.ResetMocksTestExecutionListener, org.springframework.boot.test.autoconfigure.restdocs.RestDocsTestExecutionListener, org.springframework.boot.test.autoconfigure.web.client.MockRestServiceServerResetTestExecutionListener, org.springframework.boot.test.autoconfigure.web.servlet.MockMvcPrintOnlyOnFailureTestExecutionListener, org.springframework.boot.test.autoconfigure.web.servlet.WebDriverTestExecutionListener, org.springframework.boot.test.autoconfigure.webservices.client.MockWebServiceServerTestExecutionListener, org.springframework.test.context.web.ServletTestExecutionListener, org.springframework.test.context.support.DirtiesContextBeforeModesTestExecutionListener, org.springframework.test.context.event.ApplicationEventsTestExecutionListener, org.springframework.test.context.support.DependencyInjectionTestExecutionListener, org.springframework.test.context.support.DirtiesContextTestExecutionListener, org.springframework.test.context.transaction.TransactionalTestExecutionListener, org.springframework.test.context.jdbc.SqlScriptsTestExecutionListener, org.springframework.test.context.event.EventPublishingTestExecutionListener]
11:05:2023 13:26:54.554 SerikHome tomcat {INFO } {main} {o.s.b.t.c.SpringBootTestContextBootstrapper}: Using TestExecutionListeners: [org.springframework.test.context.web.ServletTestExecutionListener@5e8ac0e1, org.springframework.test.context.support.DirtiesContextBeforeModesTestExecutionListener@aafcffa, org.springframework.test.context.event.ApplicationEventsTestExecutionListener@6955cb39, org.springframework.boot.test.mock.mockito.MockitoTestExecutionListener@235a0c16, org.springframework.boot.test.autoconfigure.SpringBootDependencyInjectionTestExecutionListener@2b5f4d54, org.springframework.test.context.support.DirtiesContextTestExecutionListener@5f7b97da, org.springframework.test.context.transaction.TransactionalTestExecutionListener@18b0930f, org.springframework.test.context.jdbc.SqlScriptsTestExecutionListener@6b7906b3, org.springframework.test.context.event.EventPublishingTestExecutionListener@3a1dd365, org.springframework.boot.test.mock.mockito.ResetMocksTestExecutionListener@395b56bb, org.springframework.boot.test.autoconfigure.restdocs.RestDocsTestExecutionListener@256f8274, org.springframework.boot.test.autoconfigure.web.client.MockRestServiceServerResetTestExecutionListener@68044f4, org.springframework.boot.test.autoconfigure.web.servlet.MockMvcPrintOnlyOnFailureTestExecutionListener@52d239ba, org.springframework.boot.test.autoconfigure.web.servlet.WebDriverTestExecutionListener@315f43d5, org.springframework.boot.test.autoconfigure.webservices.client.MockWebServiceServerTestExecutionListener@68fa0ba8]
11:05:2023 13:26:54.876 SerikHome tomcat {INFO } {background-preinit} {o.h.v.i.u.Version}: HV000001: Hibernate Validator 6.2.5.Final
11:05:2023 13:26:54.898 SerikHome tomcat {INFO } {main} {s.s.s.SerikApplicationTests}: Starting SerikApplicationTests using Java 1.8.0_372 on SerikHome with PID 5136 (started by kobla in C:\Users\kobla\IdeaProjects\serik)
11:05:2023 13:26:54.901 SerikHome tomcat {INFO } {main} {s.s.s.SerikApplicationTests}: No active profile set, falling back to 1 default profile: "default"
11:05:2023 13:26:55.676 SerikHome tomcat {INFO } {main} {o.s.d.r.c.RepositoryConfigurationDelegate}: Bootstrapping Spring Data JPA repositories in DEFAULT mode.
11:05:2023 13:26:55.760 SerikHome tomcat {INFO } {main} {o.s.d.r.c.RepositoryConfigurationDelegate}: Finished Spring Data repository scanning in 76 ms. Found 14 JPA repository interfaces.
11:05:2023 13:26:56.140 SerikHome tomcat {DEBUG} {main} {o.a.c.c.l.LogUtils}: Using org.apache.cxf.common.logging.Slf4jLogger for logging.
11:05:2023 13:26:56.229 SerikHome tomcat {INFO } {main} {o.s.c.s.PostProcessorRegistrationDelegate$BeanPostProcessorChecker}: Bean 'org.springframework.ws.config.annotation.DelegatingWsConfiguration' of type [org.springframework.ws.config.annotation.DelegatingWsConfiguration$$EnhancerBySpringCGLIB$$45ce488] is not eligible for getting processed by all BeanPostProcessors (for example: not eligible for auto-proxying)
11:05:2023 13:26:56.272 SerikHome tomcat {INFO } {main} {o.s.w.s.a.s.AnnotationActionEndpointMapping}: Supporting [WS-Addressing August 2004, WS-Addressing 1.0]
11:05:2023 13:26:56.528 SerikHome tomcat {INFO } {main} {o.h.j.i.u.LogHelper}: HHH000204: Processing PersistenceUnitInfo [name: default]
11:05:2023 13:26:56.599 SerikHome tomcat {INFO } {main} {o.h.Version}: HHH000412: Hibernate ORM core version 5.6.12.Final
11:05:2023 13:26:56.753 SerikHome tomcat {INFO } {main} {o.h.a.c.Version}: HCANN000001: Hibernate Commons Annotations {5.1.2.Final}
11:05:2023 13:26:57.390 SerikHome tomcat {WARN } {main} {c.z.h.HikariConfig}: HikariPool-1 - maxLifetime is less than 30000ms, setting to default 1800000ms.
11:05:2023 13:26:57.390 SerikHome tomcat {INFO } {main} {c.z.h.HikariDataSource}: HikariPool-1 - Starting...
11:05:2023 13:26:57.589 SerikHome tomcat {INFO } {main} {c.z.h.HikariDataSource}: HikariPool-1 - Start completed.
11:05:2023 13:26:57.624 SerikHome tomcat {INFO } {main} {o.h.d.Dialect}: HHH000400: Using dialect: org.hibernate.dialect.PostgreSQL10Dialect
11:05:2023 13:26:58.825 SerikHome tomcat {INFO } {main} {o.h.e.t.j.p.i.JtaPlatformInitiator}: HHH000490: Using JtaPlatform implementation: [org.hibernate.engine.transaction.jta.platform.internal.NoJtaPlatform]
11:05:2023 13:26:58.833 SerikHome tomcat {INFO } {main} {o.s.o.j.LocalContainerEntityManagerFactoryBean}: Initialized JPA EntityManagerFactory for persistence unit 'default'
11:05:2023 13:26:58.922 SerikHome tomcat {DEBUG} {main} {o.a.c.c.s.ConfigurerImpl}: Could not determine bean name for instance of class org.apache.cxf.ws.policy.PolicyAnnotationListener.
11:05:2023 13:26:58.925 SerikHome tomcat {DEBUG} {main} {o.a.c.c.s.ConfigurerImpl}: Could not determine bean name for instance of class org.apache.cxf.service.factory.FactoryBeanListenerManager.
11:05:2023 13:26:58.928 SerikHome tomcat {DEBUG} {main} {o.a.c.c.s.ConfigurerImpl}: Could not determine bean name for instance of class org.apache.cxf.ws.policy.PolicyEngineImpl.
11:05:2023 13:26:58.934 SerikHome tomcat {DEBUG} {main} {o.a.c.c.s.ConfigurerImpl}: Could not determine bean name for instance of class org.apache.cxf.ws.policy.PolicyDataEngineImpl.
11:05:2023 13:26:58.935 SerikHome tomcat {DEBUG} {main} {o.a.c.c.s.ConfigurerImpl}: Could not determine bean name for instance of class org.apache.cxf.bus.managers.CXFBusLifeCycleManager.
11:05:2023 13:26:58.936 SerikHome tomcat {DEBUG} {main} {o.a.c.c.s.ConfigurerImpl}: Could not determine bean name for instance of class org.apache.cxf.bus.managers.ServerRegistryImpl.
11:05:2023 13:26:59.889 SerikHome tomcat {DEBUG} {main} {o.a.c.c.s.ConfigurerImpl}: Could not find a definition for bean with id {http://serik.start.soap/}HelloPort.jaxws-endpoint - no injection will be performed.
11:05:2023 13:26:59.890 SerikHome tomcat {DEBUG} {main} {o.a.c.c.s.ConfigurerImpl}: Could not find a definition for bean with id org.apache.cxf.jaxws.JaxWsServerFactoryBean - no injection will be performed.
11:05:2023 13:26:59.904 SerikHome tomcat {INFO } {main} {o.a.c.w.s.f.ReflectionServiceFactoryBean}: Creating Service {http://serik.start.soap/}HelloService from class soap.start.serik.web_services.server.HelloService
11:05:2023 13:26:59.949 SerikHome tomcat {DEBUG} {main} {o.a.c.c.s.ConfigurerImpl}: Could not determine bean name for instance of class org.apache.cxf.common.util.ASMHelperImpl.
11:05:2023 13:26:59.949 SerikHome tomcat {DEBUG} {main} {o.a.c.c.s.ConfigurerImpl}: Could not determine bean name for instance of class org.apache.cxf.jaxws.spi.WrapperClassCreatorProxyService.
11:05:2023 13:27:00.077 SerikHome tomcat {DEBUG} {main} {o.a.c.j.JAXBDataBinding}: Created JAXBContext "jar:file:/C:/Users/kobla/.m2/repository/org/glassfish/jaxb/jaxb-runtime/2.3.7/jaxb-runtime-2.3.7.jar!/com/sun/xml/bind/v2/runtime/JAXBContextImpl.class Build-Id: 2.3.7
Classes known to this context:
  [B
  boolean
  byte
  char
  com.sun.xml.bind.api.CompositeStructure
  double
  float
  int
  java.awt.Image
  java.io.File
  java.lang.Boolean
  java.lang.Byte
  java.lang.Character
  java.lang.Class
  java.lang.Double
  java.lang.Float
  java.lang.Integer
  java.lang.Long
  java.lang.Object
  java.lang.Short
  java.lang.String
  java.lang.Void
  java.math.BigDecimal
  java.math.BigInteger
  java.net.URI
  java.net.URL
  java.util.Calendar
  java.util.Date
  java.util.GregorianCalendar
  java.util.UUID
  javax.activation.DataHandler
  javax.xml.bind.JAXBElement
  javax.xml.datatype.Duration
  javax.xml.datatype.XMLGregorianCalendar
  javax.xml.namespace.QName
  javax.xml.transform.Source
  long
  short
  soap.start.serik.web_services.server.jaxws_asm.SayHello
  soap.start.serik.web_services.server.jaxws_asm.SayHelloResponse
  void
" with classes [class soap.start.serik.web_services.server.jaxws_asm.SayHello, class soap.start.serik.web_services.server.jaxws_asm.SayHelloResponse].
11:05:2023 13:27:00.080 SerikHome tomcat {DEBUG} {main} {o.a.c.c.u.ProxyHelper}: current classloader sun.misc.Launcher$AppClassLoader@75b84c92 can see all interface
11:05:2023 13:27:00.081 SerikHome tomcat {DEBUG} {main} {o.a.c.c.u.ProxyHelper}: current classloader sun.misc.Launcher$AppClassLoader@75b84c92 can see all interface
11:05:2023 13:27:00.169 SerikHome tomcat {DEBUG} {main} {o.a.c.c.s.ConfigurerImpl}: Could not determine bean name for instance of class org.apache.cxf.binding.soap.SoapBindingFactory.
11:05:2023 13:27:00.204 SerikHome tomcat {DEBUG} {main} {o.a.c.c.s.ConfigurerImpl}: Could not determine bean name for instance of class org.apache.cxf.wsdl11.WSDLManagerImpl.
11:05:2023 13:27:00.206 SerikHome tomcat {DEBUG} {main} {o.a.c.r.DefaultResourceManager}: resolving resource <org.apache.cxf.wsdl11.WSDLManagerImpl/bus> type <interface org.apache.cxf.Bus>
11:05:2023 13:27:00.207 SerikHome tomcat {DEBUG} {main} {o.a.c.r.DefaultResourceManager}: resolving resource <null> type <interface org.apache.cxf.Bus>
11:05:2023 13:27:00.215 SerikHome tomcat {DEBUG} {main} {o.a.c.c.s.ConfigurerImpl}: Could not determine bean name for instance of class org.apache.cxf.wsdl.ExtensionClassCreatorProxyService.
11:05:2023 13:27:00.239 SerikHome tomcat {DEBUG} {main} {o.a.c.c.s.ConfigurerImpl}: Could not determine bean name for instance of class org.apache.cxf.transport.http.HTTPWSDLExtensionLoader.
11:05:2023 13:27:00.248 SerikHome tomcat {DEBUG} {main} {o.a.c.c.s.ConfigurerImpl}: Could not determine bean name for instance of class org.apache.cxf.binding.xml.wsdl11.XMLWSDLExtensionLoader.
11:05:2023 13:27:00.254 SerikHome tomcat {DEBUG} {main} {o.a.c.c.s.ConfigurerImpl}: Could not determine bean name for instance of class org.apache.cxf.ws.addressing.impl.AddressingWSDLExtensionLoader.
11:05:2023 13:27:00.276 SerikHome tomcat {DEBUG} {main} {o.a.c.c.s.ConfigurerImpl}: Could not determine bean name for instance of class org.apache.cxf.binding.soap.SoapTransportFactory.
11:05:2023 13:27:00.370 SerikHome tomcat {DEBUG} {main} {o.a.c.c.s.ConfigurerImpl}: Could not determine bean name for instance of class org.apache.cxf.transport.http.HTTPTransportFactory.
11:05:2023 13:27:00.388 SerikHome tomcat {DEBUG} {main} {o.a.c.c.s.ConfigurerImpl}: Could not find a definition for bean with id {http://serik.start.soap/}HelloPort.http-destination - no injection will be performed.
11:05:2023 13:27:00.389 SerikHome tomcat {INFO } {main} {o.a.c.e.ServerImpl}: Setting the server's publish address to be /hello
11:05:2023 13:27:00.392 SerikHome tomcat {DEBUG} {main} {o.a.c.c.s.ConfigurerImpl}: Could not determine bean name for instance of class org.apache.cxf.bus.managers.ServerLifeCycleManagerImpl.
11:05:2023 13:27:00.401 SerikHome tomcat {DEBUG} {main} {o.a.c.j.h.AnnotationHandlerChainBuilder}: building handler chain
11:05:2023 13:27:00.401 SerikHome tomcat {DEBUG} {main} {o.a.c.j.h.AnnotationHandlerChainBuilder}: Checking for HandlerChain annotation on soap.start.serik.web_services.server.HelloServiceImpl
11:05:2023 13:27:00.401 SerikHome tomcat {DEBUG} {main} {o.a.c.j.h.AnnotationHandlerChainBuilder}: Checking for HandlerChain annotation on soap.start.serik.web_services.server.HelloService
11:05:2023 13:27:00.534 SerikHome tomcat {DEBUG} {main} {o.a.c.j.h.HandlerChainBuilder}: loading handler
11:05:2023 13:27:00.536 SerikHome tomcat {DEBUG} {main} {o.a.c.j.h.HandlerChainBuilder}: adding handler to chain: soap.start.serik.handlers.PropertyValidator@24888d8b
11:05:2023 13:27:00.537 SerikHome tomcat {DEBUG} {main} {o.a.c.j.h.HandlerChainBuilder}: loading handler
11:05:2023 13:27:00.539 SerikHome tomcat {DEBUG} {main} {o.a.c.j.h.HandlerChainBuilder}: adding handler to chain: soap.start.serik.handlers.LoggingHandler@750b200b
11:05:2023 13:27:00.540 SerikHome tomcat {DEBUG} {main} {o.a.c.c.s.ConfigurerImpl}: Could not find a definition for bean with id {http://serik.start.soap/}HelloService - no injection will be performed.
11:05:2023 13:27:00.540 SerikHome tomcat {DEBUG} {main} {o.a.c.c.s.ConfigurerImpl}: Could not find a definition for bean with id {http://serik.start.soap/}HelloPort.endpoint - no injection will be performed.
11:05:2023 13:27:00.541 SerikHome tomcat {DEBUG} {main} {o.a.c.e.ServerImpl}: Server is starting.
11:05:2023 13:27:00.542 SerikHome tomcat {DEBUG} {main} {o.a.c.t.s.ServletDestination}: registering incoming observer: org.apache.cxf.transport.ChainInitiationObserver@7a7bd9a8
11:05:2023 13:27:00.542 SerikHome tomcat {DEBUG} {main} {o.a.c.e.ServerImpl}: register the server to serverRegistry 
11:05:2023 13:27:00.552 SerikHome tomcat {DEBUG} {main} {o.a.c.c.s.ConfigurerImpl}: Could not find a definition for bean with id {http://bip.bee.kz/SyncChannel/v10/Interfaces}SyncChannelHttpPort.jaxws-endpoint - no injection will be performed.
11:05:2023 13:27:00.553 SerikHome tomcat {DEBUG} {main} {o.a.c.c.s.ConfigurerImpl}: Could not find a definition for bean with id org.apache.cxf.jaxws.JaxWsServerFactoryBean - no injection will be performed.
11:05:2023 13:27:00.554 SerikHome tomcat {INFO } {main} {o.a.c.w.s.f.ReflectionServiceFactoryBean}: Creating Service {http://bip.bee.kz/SyncChannel/v10/Interfaces}ria from class kz.bee.bip.esedo.ISyncChannel
11:05:2023 13:27:00.651 SerikHome tomcat {DEBUG} {main} {o.a.c.j.JAXBDataBinding}: Created JAXBContext "jar:file:/C:/Users/kobla/.m2/repository/org/glassfish/jaxb/jaxb-runtime/2.3.7/jaxb-runtime-2.3.7.jar!/com/sun/xml/bind/v2/runtime/JAXBContextImpl.class Build-Id: 2.3.7
Classes known to this context:
  [B
  boolean
  byte
  char
  com.sun.xml.bind.api.CompositeStructure
  double
  float
  int
  java.awt.Image
  java.io.File
  java.lang.Boolean
  java.lang.Byte
  java.lang.Character
  java.lang.Class
  java.lang.Double
  java.lang.Float
  java.lang.Integer
  java.lang.Long
  java.lang.Object
  java.lang.Short
  java.lang.String
  java.lang.Void
  java.math.BigDecimal
  java.math.BigInteger
  java.net.URI
  java.net.URL
  java.util.Calendar
  java.util.Date
  java.util.GregorianCalendar
  java.util.UUID
  javax.activation.DataHandler
  javax.xml.bind.JAXBElement
  javax.xml.datatype.Duration
  javax.xml.datatype.XMLGregorianCalendar
  javax.xml.namespace.QName
  javax.xml.transform.Source
  kz.bee.bip.SyncChannel.v10.Types.Property
  kz.bee.bip.SyncChannel.v10.Types.SendMessage
  kz.bee.bip.SyncChannel.v10.Types.SendMessageResponse
  kz.bee.bip.SyncChannel.v10.Types.SenderInfo
  kz.bee.bip.SyncChannel.v10.Types.StatusInfo
  kz.bee.bip.SyncChannel.v10.Types.SyncMessageInfo
  kz.bee.bip.SyncChannel.v10.Types.SyncMessageInfoResponse
  kz.bee.bip.SyncChannel.v10.Types.request.Data
  kz.bee.bip.SyncChannel.v10.Types.request.RequestData
  kz.bee.bip.SyncChannel.v10.Types.request.SyncSendMessageRequest
  kz.bee.bip.SyncChannel.v10.Types.response.ResponseData
  kz.bee.bip.SyncChannel.v10.Types.response.SyncSendMessageResponse
  kz.bee.bip.common.v10.Types.ErrorInfo
  kz.bee.bip.esedo.Attachment
  kz.bee.bip.esedo.DocAppeal
  kz.bee.bip.esedo.DocOL
  kz.bee.bip.esedo.DocOutgoing
  kz.bee.bip.esedo.DocSection
  kz.bee.bip.esedo.EECBApprovalData
  kz.bee.bip.esedo.EECBDocumentMetadata
  kz.bee.bip.esedo.EECBPublication
  kz.bee.bip.esedo.Message
  kz.bee.bip.esedo.MetadataSystem
  kz.bee.bip.esedo.Property
  kz.bee.bip.esedo.RequestData
  kz.bee.bip.esedo.ResponseData
  kz.bee.bip.esedo.SendMessage
  kz.bee.bip.esedo.SendMessageResponse
  kz.bee.bip.esedo.SenderInfo
  kz.bee.bip.esedo.StateDelivered
  kz.bee.bip.esedo.StateExecution
  kz.bee.bip.esedo.StateFinished
  kz.bee.bip.esedo.StateNewControl
  kz.bee.bip.esedo.StateNewControlWrong
  kz.bee.bip.esedo.StateNewExDate
  kz.bee.bip.esedo.StateNotValid
  kz.bee.bip.esedo.StateProlongExDate
  kz.bee.bip.esedo.StateRegistered
  kz.bee.bip.esedo.StateStartProcessResponse
  kz.bee.bip.esedo.StateTakeOfControl
  kz.bee.bip.esedo.StateTakeOfControlWrong
  kz.bee.bip.esedo.StatusInfo
  kz.bee.bip.esedo.SyncMessageInfoResponse
  kz.bee.bip.esedo.SyncSendMessageRequest
  kz.bee.bip.esedo.SyncSendMessageResponse
  kz.bee.bip.esedo.System
  kz.bee.bip.esedo.eds.ConfirmRequest
  kz.bee.bip.esedo.eds.ConfirmResponse
  kz.bee.bip.esedo.eds.DownloadRequest
  kz.bee.bip.esedo.eds.DownloadResponse
  kz.bee.bip.esedo.eds.FileConfirmResult
  kz.bee.bip.esedo.eds.FileDownloadResult
  kz.bee.bip.esedo.eds.FileInfo
  kz.bee.bip.esedo.eds.FileInfoResult
  kz.bee.bip.esedo.eds.FileUploadResult
  kz.bee.bip.esedo.eds.GetFileInfoRequest
  kz.bee.bip.esedo.eds.GetFileInfoResponse
  kz.bee.bip.esedo.eds.ProcessStatus
  kz.bee.bip.esedo.eds.TempStorageRequest
  kz.bee.bip.esedo.eds.TempStorageRequestType
  kz.bee.bip.esedo.eds.TempStorageResponse
  kz.bee.bip.esedo.eds.UploadFileRequest
  kz.bee.bip.esedo.eds.UploadRequest
  kz.bee.bip.esedo.eds.UploadResponse
  kz.bee.bip.esedo.nsi.DictionaryElement
  kz.bee.bip.esedo.nsi.DictionaryRequest
  kz.bee.bip.esedo.nsi.DictionaryResponse
  long
  short
  void
" with classes [class kz.bee.bip.esedo.SendMessage, class kz.bee.bip.esedo.SyncSendMessageRequest, class kz.bee.bip.SyncChannel.v10.Types.SyncMessageInfo, class kz.bee.bip.SyncChannel.v10.Types.SenderInfo, class kz.bee.bip.SyncChannel.v10.Types.Property, class kz.bee.bip.esedo.RequestData, class kz.bee.bip.esedo.DocOutgoing, class kz.bee.bip.esedo.Message, class kz.bee.bip.esedo.nsi.DictionaryRequest, class kz.bee.bip.esedo.Attachment, class kz.bee.bip.esedo.MetadataSystem, class kz.bee.bip.esedo.nsi.DictionaryResponse, class kz.bee.bip.esedo.nsi.DictionaryElement, class kz.bee.bip.esedo.DocSection, class kz.bee.bip.esedo.DocAppeal, class kz.bee.bip.esedo.DocOL, class kz.bee.bip.esedo.StateFinished, class kz.bee.bip.esedo.StateProlongExDate, class kz.bee.bip.esedo.StateNewExDate, class kz.bee.bip.esedo.StateTakeOfControl, class kz.bee.bip.esedo.StateNotValid, class kz.bee.bip.esedo.StateNewControl, class kz.bee.bip.esedo.StateDelivered, class kz.bee.bip.esedo.StateNewControlWrong, class kz.bee.bip.esedo.StateRegistered, class kz.bee.bip.esedo.StateStartProcessResponse, class kz.bee.bip.esedo.StateExecution, class kz.bee.bip.esedo.StateTakeOfControlWrong, class kz.bee.bip.esedo.EECBDocumentMetadata, class kz.bee.bip.esedo.EECBApprovalData, class kz.bee.bip.esedo.EECBPublication, class kz.bee.bip.esedo.SendMessageResponse, class kz.bee.bip.esedo.SyncSendMessageResponse, class kz.bee.bip.esedo.SyncMessageInfoResponse, class kz.bee.bip.esedo.StatusInfo, class kz.bee.bip.esedo.ResponseData, class kz.bee.bip.SyncChannel.v10.Types.ObjectFactory, class kz.bee.bip.esedo.ObjectFactory].
11:05:2023 13:27:00.652 SerikHome tomcat {DEBUG} {main} {o.a.c.c.u.ProxyHelper}: current classloader sun.misc.Launcher$AppClassLoader@75b84c92 can see all interface
11:05:2023 13:27:00.652 SerikHome tomcat {DEBUG} {main} {o.a.c.c.u.ProxyHelper}: current classloader sun.misc.Launcher$AppClassLoader@75b84c92 can see all interface
11:05:2023 13:27:00.742 SerikHome tomcat {DEBUG} {main} {o.a.c.c.s.ConfigurerImpl}: Could not find a definition for bean with id {http://bip.bee.kz/SyncChannel/v10/Interfaces}SyncChannelHttpPort.http-destination - no injection will be performed.
11:05:2023 13:27:00.742 SerikHome tomcat {INFO } {main} {o.a.c.e.ServerImpl}: Setting the server's publish address to be /delivered
11:05:2023 13:27:00.742 SerikHome tomcat {DEBUG} {main} {o.a.c.j.h.AnnotationHandlerChainBuilder}: building handler chain
11:05:2023 13:27:00.742 SerikHome tomcat {DEBUG} {main} {o.a.c.j.h.AnnotationHandlerChainBuilder}: Checking for HandlerChain annotation on kz.bee.bip.esedo.SyncChannelImpl
11:05:2023 13:27:00.743 SerikHome tomcat {DEBUG} {main} {o.a.c.j.h.AnnotationHandlerChainBuilder}: Checking for HandlerChain annotation on kz.bee.bip.esedo.ISyncChannel
11:05:2023 13:27:00.744 SerikHome tomcat {DEBUG} {main} {o.a.c.j.h.HandlerChainBuilder}: loading handler
11:05:2023 13:27:00.744 SerikHome tomcat {DEBUG} {main} {o.a.c.j.h.HandlerChainBuilder}: adding handler to chain: soap.start.serik.handlers.PropertyValidator@159408a7
11:05:2023 13:27:00.744 SerikHome tomcat {DEBUG} {main} {o.a.c.j.h.HandlerChainBuilder}: loading handler
11:05:2023 13:27:00.745 SerikHome tomcat {DEBUG} {main} {o.a.c.j.h.HandlerChainBuilder}: adding handler to chain: soap.start.serik.handlers.LoggingHandler@5354bfce
11:05:2023 13:27:00.745 SerikHome tomcat {DEBUG} {main} {o.a.c.c.s.ConfigurerImpl}: Could not find a definition for bean with id {http://bip.bee.kz/SyncChannel/v10/Interfaces}ria - no injection will be performed.
11:05:2023 13:27:00.745 SerikHome tomcat {DEBUG} {main} {o.a.c.c.s.ConfigurerImpl}: Could not find a definition for bean with id {http://bip.bee.kz/SyncChannel/v10/Interfaces}SyncChannelHttpPort.endpoint - no injection will be performed.
11:05:2023 13:27:00.745 SerikHome tomcat {DEBUG} {main} {o.a.c.e.ServerImpl}: Server is starting.
11:05:2023 13:27:00.745 SerikHome tomcat {DEBUG} {main} {o.a.c.t.s.ServletDestination}: registering incoming observer: org.apache.cxf.transport.ChainInitiationObserver@74901d7
11:05:2023 13:27:00.745 SerikHome tomcat {DEBUG} {main} {o.a.c.e.ServerImpl}: register the server to serverRegistry 
11:05:2023 13:27:01.124 SerikHome tomcat {WARN } {main} {o.s.b.a.o.j.JpaBaseConfiguration$JpaWebConfiguration}: spring.jpa.open-in-view is enabled by default. Therefore, database queries may be performed during view rendering. Explicitly configure spring.jpa.open-in-view to disable this warning
11:05:2023 13:27:02.657 SerikHome tomcat {INFO } {main} {s.s.s.SerikApplicationTests}: Started SerikApplicationTests in 8.069 seconds (JVM running for 9.321)
11:05:2023 13:27:02.765 SerikHome tomcat {DEBUG} {SpringApplicationShutdownHook} {o.a.c.e.ServerImpl}: Server is stopping.
11:05:2023 13:27:02.766 SerikHome tomcat {DEBUG} {SpringApplicationShutdownHook} {o.a.c.t.s.ServletDestination}: unregistering incoming observer: org.apache.cxf.transport.ChainInitiationObserver@74901d7
11:05:2023 13:27:02.766 SerikHome tomcat {DEBUG} {SpringApplicationShutdownHook} {o.a.c.e.ServerImpl}: unregister the server to serverRegistry 
11:05:2023 13:27:02.766 SerikHome tomcat {DEBUG} {SpringApplicationShutdownHook} {o.a.c.e.ServerImpl}: Server is stopping.
11:05:2023 13:27:02.766 SerikHome tomcat {DEBUG} {SpringApplicationShutdownHook} {o.a.c.t.s.ServletDestination}: unregistering incoming observer: org.apache.cxf.transport.ChainInitiationObserver@7a7bd9a8
11:05:2023 13:27:02.767 SerikHome tomcat {DEBUG} {SpringApplicationShutdownHook} {o.a.c.e.ServerImpl}: unregister the server to serverRegistry 
11:05:2023 13:27:02.772 SerikHome tomcat {INFO } {SpringApplicationShutdownHook} {o.s.o.j.LocalContainerEntityManagerFactoryBean}: Closing JPA EntityManagerFactory for persistence unit 'default'
11:05:2023 13:27:02.773 SerikHome tomcat {INFO } {SpringApplicationShutdownHook} {c.z.h.HikariDataSource}: HikariPool-1 - Shutdown initiated...
11:05:2023 13:27:02.778 SerikHome tomcat {INFO } {SpringApplicationShutdownHook} {c.z.h.HikariDataSource}: HikariPool-1 - Shutdown completed.
11:05:2023 15:27:00.730 SerikHome tomcat {INFO } {main} {o.s.b.t.c.SpringBootTestContextBootstrapper}: Neither @ContextConfiguration nor @ContextHierarchy found for test class [soap.start.serik.SerikApplicationTests], using SpringBootContextLoader
11:05:2023 15:27:00.739 SerikHome tomcat {INFO } {main} {o.s.t.c.s.AbstractContextLoader}: Could not detect default resource locations for test class [soap.start.serik.SerikApplicationTests]: no resource found for suffixes {-context.xml, Context.groovy}.
11:05:2023 15:27:00.740 SerikHome tomcat {INFO } {main} {o.s.t.c.s.AnnotationConfigContextLoaderUtils}: Could not detect default configuration classes for test class [soap.start.serik.SerikApplicationTests]: SerikApplicationTests does not declare any static, non-private, non-final, nested classes annotated with @Configuration.
11:05:2023 15:27:00.837 SerikHome tomcat {INFO } {main} {o.s.b.t.c.SpringBootTestContextBootstrapper}: Found @SpringBootConfiguration soap.start.serik.SerikApplication for test class soap.start.serik.SerikApplicationTests
11:05:2023 15:27:00.971 SerikHome tomcat {INFO } {main} {o.s.b.t.c.SpringBootTestContextBootstrapper}: Loaded default TestExecutionListener class names from location [META-INF/spring.factories]: [org.springframework.boot.test.mock.mockito.MockitoTestExecutionListener, org.springframework.boot.test.mock.mockito.ResetMocksTestExecutionListener, org.springframework.boot.test.autoconfigure.restdocs.RestDocsTestExecutionListener, org.springframework.boot.test.autoconfigure.web.client.MockRestServiceServerResetTestExecutionListener, org.springframework.boot.test.autoconfigure.web.servlet.MockMvcPrintOnlyOnFailureTestExecutionListener, org.springframework.boot.test.autoconfigure.web.servlet.WebDriverTestExecutionListener, org.springframework.boot.test.autoconfigure.webservices.client.MockWebServiceServerTestExecutionListener, org.springframework.test.context.web.ServletTestExecutionListener, org.springframework.test.context.support.DirtiesContextBeforeModesTestExecutionListener, org.springframework.test.context.event.ApplicationEventsTestExecutionListener, org.springframework.test.context.support.DependencyInjectionTestExecutionListener, org.springframework.test.context.support.DirtiesContextTestExecutionListener, org.springframework.test.context.transaction.TransactionalTestExecutionListener, org.springframework.test.context.jdbc.SqlScriptsTestExecutionListener, org.springframework.test.context.event.EventPublishingTestExecutionListener]
11:05:2023 15:27:00.988 SerikHome tomcat {INFO } {main} {o.s.b.t.c.SpringBootTestContextBootstrapper}: Using TestExecutionListeners: [org.springframework.test.context.web.ServletTestExecutionListener@704f1591, org.springframework.test.context.support.DirtiesContextBeforeModesTestExecutionListener@58fb7731, org.springframework.test.context.event.ApplicationEventsTestExecutionListener@13e547a9, org.springframework.boot.test.mock.mockito.MockitoTestExecutionListener@3fb6cf60, org.springframework.boot.test.autoconfigure.SpringBootDependencyInjectionTestExecutionListener@37ddb69a, org.springframework.test.context.support.DirtiesContextTestExecutionListener@349c1daf, org.springframework.test.context.transaction.TransactionalTestExecutionListener@dfddc9a, org.springframework.test.context.jdbc.SqlScriptsTestExecutionListener@4b9df8a, org.springframework.test.context.event.EventPublishingTestExecutionListener@5e8ac0e1, org.springframework.boot.test.mock.mockito.ResetMocksTestExecutionListener@aafcffa, org.springframework.boot.test.autoconfigure.restdocs.RestDocsTestExecutionListener@6955cb39, org.springframework.boot.test.autoconfigure.web.client.MockRestServiceServerResetTestExecutionListener@235a0c16, org.springframework.boot.test.autoconfigure.web.servlet.MockMvcPrintOnlyOnFailureTestExecutionListener@2b5f4d54, org.springframework.boot.test.autoconfigure.web.servlet.WebDriverTestExecutionListener@5f7b97da, org.springframework.boot.test.autoconfigure.webservices.client.MockWebServiceServerTestExecutionListener@18b0930f]
11:05:2023 15:27:01.279 SerikHome tomcat {INFO } {background-preinit} {o.h.v.i.u.Version}: HV000001: Hibernate Validator 6.2.5.Final
11:05:2023 15:27:01.299 SerikHome tomcat {INFO } {main} {s.s.s.SerikApplicationTests}: Starting SerikApplicationTests using Java 1.8.0_372 on SerikHome with PID 30884 (started by kobla in C:\Users\kobla\IdeaProjects\serik)
11:05:2023 15:27:01.301 SerikHome tomcat {INFO } {main} {s.s.s.SerikApplicationTests}: No active profile set, falling back to 1 default profile: "default"
11:05:2023 15:27:02.028 SerikHome tomcat {INFO } {main} {o.s.d.r.c.RepositoryConfigurationDelegate}: Bootstrapping Spring Data JPA repositories in DEFAULT mode.
11:05:2023 15:27:02.112 SerikHome tomcat {INFO } {main} {o.s.d.r.c.RepositoryConfigurationDelegate}: Finished Spring Data repository scanning in 76 ms. Found 14 JPA repository interfaces.
11:05:2023 15:27:02.492 SerikHome tomcat {DEBUG} {main} {o.a.c.c.l.LogUtils}: Using org.apache.cxf.common.logging.Slf4jLogger for logging.
11:05:2023 15:27:02.600 SerikHome tomcat {INFO } {main} {o.s.c.s.PostProcessorRegistrationDelegate$BeanPostProcessorChecker}: Bean 'org.springframework.ws.config.annotation.DelegatingWsConfiguration' of type [org.springframework.ws.config.annotation.DelegatingWsConfiguration$$EnhancerBySpringCGLIB$$798a3031] is not eligible for getting processed by all BeanPostProcessors (for example: not eligible for auto-proxying)
11:05:2023 15:27:02.652 SerikHome tomcat {INFO } {main} {o.s.w.s.a.s.AnnotationActionEndpointMapping}: Supporting [WS-Addressing August 2004, WS-Addressing 1.0]
11:05:2023 15:27:02.948 SerikHome tomcat {INFO } {main} {o.h.j.i.u.LogHelper}: HHH000204: Processing PersistenceUnitInfo [name: default]
11:05:2023 15:27:03.010 SerikHome tomcat {INFO } {main} {o.h.Version}: HHH000412: Hibernate ORM core version 5.6.12.Final
11:05:2023 15:27:03.161 SerikHome tomcat {INFO } {main} {o.h.a.c.Version}: HCANN000001: Hibernate Commons Annotations {5.1.2.Final}
11:05:2023 15:27:03.787 SerikHome tomcat {WARN } {main} {c.z.h.HikariConfig}: HikariPool-1 - maxLifetime is less than 30000ms, setting to default 1800000ms.
11:05:2023 15:27:03.787 SerikHome tomcat {INFO } {main} {c.z.h.HikariDataSource}: HikariPool-1 - Starting...
11:05:2023 15:27:03.954 SerikHome tomcat {INFO } {main} {c.z.h.HikariDataSource}: HikariPool-1 - Start completed.
11:05:2023 15:27:03.995 SerikHome tomcat {INFO } {main} {o.h.d.Dialect}: HHH000400: Using dialect: org.hibernate.dialect.PostgreSQL10Dialect
11:05:2023 15:27:05.296 SerikHome tomcat {INFO } {main} {o.h.e.t.j.p.i.JtaPlatformInitiator}: HHH000490: Using JtaPlatform implementation: [org.hibernate.engine.transaction.jta.platform.internal.NoJtaPlatform]
11:05:2023 15:27:05.308 SerikHome tomcat {INFO } {main} {o.s.o.j.LocalContainerEntityManagerFactoryBean}: Initialized JPA EntityManagerFactory for persistence unit 'default'
11:05:2023 15:27:05.412 SerikHome tomcat {DEBUG} {main} {o.a.c.c.s.ConfigurerImpl}: Could not determine bean name for instance of class org.apache.cxf.ws.policy.PolicyAnnotationListener.
11:05:2023 15:27:05.415 SerikHome tomcat {DEBUG} {main} {o.a.c.c.s.ConfigurerImpl}: Could not determine bean name for instance of class org.apache.cxf.service.factory.FactoryBeanListenerManager.
11:05:2023 15:27:05.418 SerikHome tomcat {DEBUG} {main} {o.a.c.c.s.ConfigurerImpl}: Could not determine bean name for instance of class org.apache.cxf.ws.policy.PolicyEngineImpl.
11:05:2023 15:27:05.420 SerikHome tomcat {DEBUG} {main} {o.a.c.c.s.ConfigurerImpl}: Could not determine bean name for instance of class org.apache.cxf.ws.policy.PolicyDataEngineImpl.
11:05:2023 15:27:05.421 SerikHome tomcat {DEBUG} {main} {o.a.c.c.s.ConfigurerImpl}: Could not determine bean name for instance of class org.apache.cxf.bus.managers.CXFBusLifeCycleManager.
11:05:2023 15:27:05.423 SerikHome tomcat {DEBUG} {main} {o.a.c.c.s.ConfigurerImpl}: Could not determine bean name for instance of class org.apache.cxf.bus.managers.ServerRegistryImpl.
11:05:2023 15:27:06.642 SerikHome tomcat {DEBUG} {main} {o.a.c.c.s.ConfigurerImpl}: Could not find a definition for bean with id {http://serik.start.soap/}HelloPort.jaxws-endpoint - no injection will be performed.
11:05:2023 15:27:06.643 SerikHome tomcat {DEBUG} {main} {o.a.c.c.s.ConfigurerImpl}: Could not find a definition for bean with id org.apache.cxf.jaxws.JaxWsServerFactoryBean - no injection will be performed.
11:05:2023 15:27:06.653 SerikHome tomcat {INFO } {main} {o.a.c.w.s.f.ReflectionServiceFactoryBean}: Creating Service {http://serik.start.soap/}HelloService from class soap.start.serik.web_services.server.HelloService
11:05:2023 15:27:06.697 SerikHome tomcat {DEBUG} {main} {o.a.c.c.s.ConfigurerImpl}: Could not determine bean name for instance of class org.apache.cxf.common.util.ASMHelperImpl.
11:05:2023 15:27:06.699 SerikHome tomcat {DEBUG} {main} {o.a.c.c.s.ConfigurerImpl}: Could not determine bean name for instance of class org.apache.cxf.jaxws.spi.WrapperClassCreatorProxyService.
11:05:2023 15:27:06.829 SerikHome tomcat {DEBUG} {main} {o.a.c.j.JAXBDataBinding}: Created JAXBContext "jar:file:/C:/Users/kobla/.m2/repository/org/glassfish/jaxb/jaxb-runtime/2.3.7/jaxb-runtime-2.3.7.jar!/com/sun/xml/bind/v2/runtime/JAXBContextImpl.class Build-Id: 2.3.7
Classes known to this context:
  [B
  boolean
  byte
  char
  com.sun.xml.bind.api.CompositeStructure
  double
  float
  int
  java.awt.Image
  java.io.File
  java.lang.Boolean
  java.lang.Byte
  java.lang.Character
  java.lang.Class
  java.lang.Double
  java.lang.Float
  java.lang.Integer
  java.lang.Long
  java.lang.Object
  java.lang.Short
  java.lang.String
  java.lang.Void
  java.math.BigDecimal
  java.math.BigInteger
  java.net.URI
  java.net.URL
  java.util.Calendar
  java.util.Date
  java.util.GregorianCalendar
  java.util.UUID
  javax.activation.DataHandler
  javax.xml.bind.JAXBElement
  javax.xml.datatype.Duration
  javax.xml.datatype.XMLGregorianCalendar
  javax.xml.namespace.QName
  javax.xml.transform.Source
  long
  short
  soap.start.serik.web_services.server.jaxws_asm.SayHello
  soap.start.serik.web_services.server.jaxws_asm.SayHelloResponse
  void
" with classes [class soap.start.serik.web_services.server.jaxws_asm.SayHello, class soap.start.serik.web_services.server.jaxws_asm.SayHelloResponse].
11:05:2023 15:27:06.833 SerikHome tomcat {DEBUG} {main} {o.a.c.c.u.ProxyHelper}: current classloader sun.misc.Launcher$AppClassLoader@75b84c92 can see all interface
11:05:2023 15:27:06.834 SerikHome tomcat {DEBUG} {main} {o.a.c.c.u.ProxyHelper}: current classloader sun.misc.Launcher$AppClassLoader@75b84c92 can see all interface
11:05:2023 15:27:06.919 SerikHome tomcat {DEBUG} {main} {o.a.c.c.s.ConfigurerImpl}: Could not determine bean name for instance of class org.apache.cxf.binding.soap.SoapBindingFactory.
11:05:2023 15:27:06.949 SerikHome tomcat {DEBUG} {main} {o.a.c.c.s.ConfigurerImpl}: Could not determine bean name for instance of class org.apache.cxf.wsdl11.WSDLManagerImpl.
11:05:2023 15:27:06.951 SerikHome tomcat {DEBUG} {main} {o.a.c.r.DefaultResourceManager}: resolving resource <org.apache.cxf.wsdl11.WSDLManagerImpl/bus> type <interface org.apache.cxf.Bus>
11:05:2023 15:27:06.952 SerikHome tomcat {DEBUG} {main} {o.a.c.r.DefaultResourceManager}: resolving resource <null> type <interface org.apache.cxf.Bus>
11:05:2023 15:27:06.960 SerikHome tomcat {DEBUG} {main} {o.a.c.c.s.ConfigurerImpl}: Could not determine bean name for instance of class org.apache.cxf.wsdl.ExtensionClassCreatorProxyService.
11:05:2023 15:27:06.978 SerikHome tomcat {DEBUG} {main} {o.a.c.c.s.ConfigurerImpl}: Could not determine bean name for instance of class org.apache.cxf.transport.http.HTTPWSDLExtensionLoader.
11:05:2023 15:27:06.986 SerikHome tomcat {DEBUG} {main} {o.a.c.c.s.ConfigurerImpl}: Could not determine bean name for instance of class org.apache.cxf.binding.xml.wsdl11.XMLWSDLExtensionLoader.
11:05:2023 15:27:06.991 SerikHome tomcat {DEBUG} {main} {o.a.c.c.s.ConfigurerImpl}: Could not determine bean name for instance of class org.apache.cxf.ws.addressing.impl.AddressingWSDLExtensionLoader.
11:05:2023 15:27:07.008 SerikHome tomcat {DEBUG} {main} {o.a.c.c.s.ConfigurerImpl}: Could not determine bean name for instance of class org.apache.cxf.binding.soap.SoapTransportFactory.
11:05:2023 15:27:07.058 SerikHome tomcat {DEBUG} {main} {o.a.c.c.s.ConfigurerImpl}: Could not determine bean name for instance of class org.apache.cxf.transport.http.HTTPTransportFactory.
11:05:2023 15:27:07.072 SerikHome tomcat {DEBUG} {main} {o.a.c.c.s.ConfigurerImpl}: Could not find a definition for bean with id {http://serik.start.soap/}HelloPort.http-destination - no injection will be performed.
11:05:2023 15:27:07.073 SerikHome tomcat {INFO } {main} {o.a.c.e.ServerImpl}: Setting the server's publish address to be /hello
11:05:2023 15:27:07.074 SerikHome tomcat {DEBUG} {main} {o.a.c.c.s.ConfigurerImpl}: Could not determine bean name for instance of class org.apache.cxf.bus.managers.ServerLifeCycleManagerImpl.
11:05:2023 15:27:07.081 SerikHome tomcat {DEBUG} {main} {o.a.c.j.h.AnnotationHandlerChainBuilder}: building handler chain
11:05:2023 15:27:07.081 SerikHome tomcat {DEBUG} {main} {o.a.c.j.h.AnnotationHandlerChainBuilder}: Checking for HandlerChain annotation on soap.start.serik.web_services.server.HelloServiceImpl
11:05:2023 15:27:07.081 SerikHome tomcat {DEBUG} {main} {o.a.c.j.h.AnnotationHandlerChainBuilder}: Checking for HandlerChain annotation on soap.start.serik.web_services.server.HelloService
11:05:2023 15:27:07.176 SerikHome tomcat {DEBUG} {main} {o.a.c.j.h.HandlerChainBuilder}: loading handler
11:05:2023 15:27:07.178 SerikHome tomcat {DEBUG} {main} {o.a.c.j.h.HandlerChainBuilder}: adding handler to chain: soap.start.serik.handlers.PropertyValidator@7a7bd9a8
11:05:2023 15:27:07.180 SerikHome tomcat {DEBUG} {main} {o.a.c.j.h.HandlerChainBuilder}: loading handler
11:05:2023 15:27:07.182 SerikHome tomcat {DEBUG} {main} {o.a.c.j.h.HandlerChainBuilder}: adding handler to chain: soap.start.serik.handlers.LoggingHandler@72b6fa98
11:05:2023 15:27:07.183 SerikHome tomcat {DEBUG} {main} {o.a.c.c.s.ConfigurerImpl}: Could not find a definition for bean with id {http://serik.start.soap/}HelloService - no injection will be performed.
11:05:2023 15:27:07.183 SerikHome tomcat {DEBUG} {main} {o.a.c.c.s.ConfigurerImpl}: Could not find a definition for bean with id {http://serik.start.soap/}HelloPort.endpoint - no injection will be performed.
11:05:2023 15:27:07.183 SerikHome tomcat {DEBUG} {main} {o.a.c.e.ServerImpl}: Server is starting.
11:05:2023 15:27:07.184 SerikHome tomcat {DEBUG} {main} {o.a.c.t.s.ServletDestination}: registering incoming observer: org.apache.cxf.transport.ChainInitiationObserver@3f267e1b
11:05:2023 15:27:07.185 SerikHome tomcat {DEBUG} {main} {o.a.c.e.ServerImpl}: register the server to serverRegistry 
11:05:2023 15:27:07.194 SerikHome tomcat {DEBUG} {main} {o.a.c.c.s.ConfigurerImpl}: Could not find a definition for bean with id {http://bip.bee.kz/SyncChannel/v10/Interfaces}SyncChannelHttpPort.jaxws-endpoint - no injection will be performed.
11:05:2023 15:27:07.194 SerikHome tomcat {DEBUG} {main} {o.a.c.c.s.ConfigurerImpl}: Could not find a definition for bean with id org.apache.cxf.jaxws.JaxWsServerFactoryBean - no injection will be performed.
11:05:2023 15:27:07.195 SerikHome tomcat {INFO } {main} {o.a.c.w.s.f.ReflectionServiceFactoryBean}: Creating Service {http://bip.bee.kz/SyncChannel/v10/Interfaces}ria from class kz.bee.bip.esedo.ISyncChannel
11:05:2023 15:27:07.305 SerikHome tomcat {DEBUG} {main} {o.a.c.j.JAXBDataBinding}: Created JAXBContext "jar:file:/C:/Users/kobla/.m2/repository/org/glassfish/jaxb/jaxb-runtime/2.3.7/jaxb-runtime-2.3.7.jar!/com/sun/xml/bind/v2/runtime/JAXBContextImpl.class Build-Id: 2.3.7
Classes known to this context:
  [B
  boolean
  byte
  char
  com.sun.xml.bind.api.CompositeStructure
  double
  float
  int
  java.awt.Image
  java.io.File
  java.lang.Boolean
  java.lang.Byte
  java.lang.Character
  java.lang.Class
  java.lang.Double
  java.lang.Float
  java.lang.Integer
  java.lang.Long
  java.lang.Object
  java.lang.Short
  java.lang.String
  java.lang.Void
  java.math.BigDecimal
  java.math.BigInteger
  java.net.URI
  java.net.URL
  java.util.Calendar
  java.util.Date
  java.util.GregorianCalendar
  java.util.UUID
  javax.activation.DataHandler
  javax.xml.bind.JAXBElement
  javax.xml.datatype.Duration
  javax.xml.datatype.XMLGregorianCalendar
  javax.xml.namespace.QName
  javax.xml.transform.Source
  kz.bee.bip.SyncChannel.v10.Types.Property
  kz.bee.bip.SyncChannel.v10.Types.SendMessage
  kz.bee.bip.SyncChannel.v10.Types.SendMessageResponse
  kz.bee.bip.SyncChannel.v10.Types.SenderInfo
  kz.bee.bip.SyncChannel.v10.Types.StatusInfo
  kz.bee.bip.SyncChannel.v10.Types.SyncMessageInfo
  kz.bee.bip.SyncChannel.v10.Types.SyncMessageInfoResponse
  kz.bee.bip.SyncChannel.v10.Types.request.Data
  kz.bee.bip.SyncChannel.v10.Types.request.RequestData
  kz.bee.bip.SyncChannel.v10.Types.request.SyncSendMessageRequest
  kz.bee.bip.SyncChannel.v10.Types.response.ResponseData
  kz.bee.bip.SyncChannel.v10.Types.response.SyncSendMessageResponse
  kz.bee.bip.common.v10.Types.ErrorInfo
  kz.bee.bip.esedo.Attachment
  kz.bee.bip.esedo.DocAppeal
  kz.bee.bip.esedo.DocOL
  kz.bee.bip.esedo.DocOutgoing
  kz.bee.bip.esedo.DocSection
  kz.bee.bip.esedo.EECBApprovalData
  kz.bee.bip.esedo.EECBDocumentMetadata
  kz.bee.bip.esedo.EECBPublication
  kz.bee.bip.esedo.Message
  kz.bee.bip.esedo.MetadataSystem
  kz.bee.bip.esedo.Property
  kz.bee.bip.esedo.RequestData
  kz.bee.bip.esedo.ResponseData
  kz.bee.bip.esedo.SendMessage
  kz.bee.bip.esedo.SendMessageResponse
  kz.bee.bip.esedo.SenderInfo
  kz.bee.bip.esedo.StateDelivered
  kz.bee.bip.esedo.StateExecution
  kz.bee.bip.esedo.StateFinished
  kz.bee.bip.esedo.StateNewControl
  kz.bee.bip.esedo.StateNewControlWrong
  kz.bee.bip.esedo.StateNewExDate
  kz.bee.bip.esedo.StateNotValid
  kz.bee.bip.esedo.StateProlongExDate
  kz.bee.bip.esedo.StateRegistered
  kz.bee.bip.esedo.StateStartProcessResponse
  kz.bee.bip.esedo.StateTakeOfControl
  kz.bee.bip.esedo.StateTakeOfControlWrong
  kz.bee.bip.esedo.StatusInfo
  kz.bee.bip.esedo.SyncMessageInfoResponse
  kz.bee.bip.esedo.SyncSendMessageRequest
  kz.bee.bip.esedo.SyncSendMessageResponse
  kz.bee.bip.esedo.System
  kz.bee.bip.esedo.eds.ConfirmRequest
  kz.bee.bip.esedo.eds.ConfirmResponse
  kz.bee.bip.esedo.eds.DownloadRequest
  kz.bee.bip.esedo.eds.DownloadResponse
  kz.bee.bip.esedo.eds.FileConfirmResult
  kz.bee.bip.esedo.eds.FileDownloadResult
  kz.bee.bip.esedo.eds.FileInfo
  kz.bee.bip.esedo.eds.FileInfoResult
  kz.bee.bip.esedo.eds.FileUploadResult
  kz.bee.bip.esedo.eds.GetFileInfoRequest
  kz.bee.bip.esedo.eds.GetFileInfoResponse
  kz.bee.bip.esedo.eds.ProcessStatus
  kz.bee.bip.esedo.eds.TempStorageRequest
  kz.bee.bip.esedo.eds.TempStorageRequestType
  kz.bee.bip.esedo.eds.TempStorageResponse
  kz.bee.bip.esedo.eds.UploadFileRequest
  kz.bee.bip.esedo.eds.UploadRequest
  kz.bee.bip.esedo.eds.UploadResponse
  kz.bee.bip.esedo.nsi.DictionaryElement
  kz.bee.bip.esedo.nsi.DictionaryRequest
  kz.bee.bip.esedo.nsi.DictionaryResponse
  long
  short
  void
" with classes [class kz.bee.bip.esedo.SendMessage, class kz.bee.bip.esedo.SyncSendMessageRequest, class kz.bee.bip.SyncChannel.v10.Types.SyncMessageInfo, class kz.bee.bip.SyncChannel.v10.Types.SenderInfo, class kz.bee.bip.SyncChannel.v10.Types.Property, class kz.bee.bip.esedo.RequestData, class kz.bee.bip.esedo.DocOutgoing, class kz.bee.bip.esedo.Message, class kz.bee.bip.esedo.nsi.DictionaryRequest, class kz.bee.bip.esedo.Attachment, class kz.bee.bip.esedo.MetadataSystem, class kz.bee.bip.esedo.nsi.DictionaryResponse, class kz.bee.bip.esedo.nsi.DictionaryElement, class kz.bee.bip.esedo.DocSection, class kz.bee.bip.esedo.DocAppeal, class kz.bee.bip.esedo.DocOL, class kz.bee.bip.esedo.StateFinished, class kz.bee.bip.esedo.StateProlongExDate, class kz.bee.bip.esedo.StateNewExDate, class kz.bee.bip.esedo.StateTakeOfControl, class kz.bee.bip.esedo.StateNotValid, class kz.bee.bip.esedo.StateNewControl, class kz.bee.bip.esedo.StateDelivered, class kz.bee.bip.esedo.StateNewControlWrong, class kz.bee.bip.esedo.StateRegistered, class kz.bee.bip.esedo.StateStartProcessResponse, class kz.bee.bip.esedo.StateExecution, class kz.bee.bip.esedo.StateTakeOfControlWrong, class kz.bee.bip.esedo.EECBDocumentMetadata, class kz.bee.bip.esedo.EECBApprovalData, class kz.bee.bip.esedo.EECBPublication, class kz.bee.bip.esedo.SendMessageResponse, class kz.bee.bip.esedo.SyncSendMessageResponse, class kz.bee.bip.esedo.SyncMessageInfoResponse, class kz.bee.bip.esedo.StatusInfo, class kz.bee.bip.esedo.ResponseData, class kz.bee.bip.esedo.ObjectFactory, class kz.bee.bip.SyncChannel.v10.Types.ObjectFactory].
11:05:2023 15:27:07.305 SerikHome tomcat {DEBUG} {main} {o.a.c.c.u.ProxyHelper}: current classloader sun.misc.Launcher$AppClassLoader@75b84c92 can see all interface
11:05:2023 15:27:07.306 SerikHome tomcat {DEBUG} {main} {o.a.c.c.u.ProxyHelper}: current classloader sun.misc.Launcher$AppClassLoader@75b84c92 can see all interface
11:05:2023 15:27:07.405 SerikHome tomcat {DEBUG} {main} {o.a.c.c.s.ConfigurerImpl}: Could not find a definition for bean with id {http://bip.bee.kz/SyncChannel/v10/Interfaces}SyncChannelHttpPort.http-destination - no injection will be performed.
11:05:2023 15:27:07.405 SerikHome tomcat {INFO } {main} {o.a.c.e.ServerImpl}: Setting the server's publish address to be /delivered
11:05:2023 15:27:07.405 SerikHome tomcat {DEBUG} {main} {o.a.c.j.h.AnnotationHandlerChainBuilder}: building handler chain
11:05:2023 15:27:07.406 SerikHome tomcat {DEBUG} {main} {o.a.c.j.h.AnnotationHandlerChainBuilder}: Checking for HandlerChain annotation on kz.bee.bip.esedo.SyncChannelImpl
11:05:2023 15:27:07.406 SerikHome tomcat {DEBUG} {main} {o.a.c.j.h.AnnotationHandlerChainBuilder}: Checking for HandlerChain annotation on kz.bee.bip.esedo.ISyncChannel
11:05:2023 15:27:07.407 SerikHome tomcat {DEBUG} {main} {o.a.c.j.h.HandlerChainBuilder}: loading handler
11:05:2023 15:27:07.407 SerikHome tomcat {DEBUG} {main} {o.a.c.j.h.HandlerChainBuilder}: adding handler to chain: soap.start.serik.handlers.PropertyValidator@2ecd2aa4
11:05:2023 15:27:07.408 SerikHome tomcat {DEBUG} {main} {o.a.c.j.h.HandlerChainBuilder}: loading handler
11:05:2023 15:27:07.408 SerikHome tomcat {DEBUG} {main} {o.a.c.j.h.HandlerChainBuilder}: adding handler to chain: soap.start.serik.handlers.LoggingHandler@27bc2650
11:05:2023 15:27:07.408 SerikHome tomcat {DEBUG} {main} {o.a.c.c.s.ConfigurerImpl}: Could not find a definition for bean with id {http://bip.bee.kz/SyncChannel/v10/Interfaces}ria - no injection will be performed.
11:05:2023 15:27:07.408 SerikHome tomcat {DEBUG} {main} {o.a.c.c.s.ConfigurerImpl}: Could not find a definition for bean with id {http://bip.bee.kz/SyncChannel/v10/Interfaces}SyncChannelHttpPort.endpoint - no injection will be performed.
11:05:2023 15:27:07.409 SerikHome tomcat {DEBUG} {main} {o.a.c.e.ServerImpl}: Server is starting.
11:05:2023 15:27:07.409 SerikHome tomcat {DEBUG} {main} {o.a.c.t.s.ServletDestination}: registering incoming observer: org.apache.cxf.transport.ChainInitiationObserver@5c40402c
11:05:2023 15:27:07.409 SerikHome tomcat {DEBUG} {main} {o.a.c.e.ServerImpl}: register the server to serverRegistry 
11:05:2023 15:27:07.812 SerikHome tomcat {WARN } {main} {o.s.b.a.o.j.JpaBaseConfiguration$JpaWebConfiguration}: spring.jpa.open-in-view is enabled by default. Therefore, database queries may be performed during view rendering. Explicitly configure spring.jpa.open-in-view to disable this warning
11:05:2023 15:27:09.368 SerikHome tomcat {INFO } {main} {s.s.s.SerikApplicationTests}: Started SerikApplicationTests in 8.344 seconds (JVM running for 9.585)
11:05:2023 15:27:09.484 SerikHome tomcat {DEBUG} {SpringApplicationShutdownHook} {o.a.c.e.ServerImpl}: Server is stopping.
11:05:2023 15:27:09.484 SerikHome tomcat {DEBUG} {SpringApplicationShutdownHook} {o.a.c.t.s.ServletDestination}: unregistering incoming observer: org.apache.cxf.transport.ChainInitiationObserver@5c40402c
11:05:2023 15:27:09.485 SerikHome tomcat {DEBUG} {SpringApplicationShutdownHook} {o.a.c.e.ServerImpl}: unregister the server to serverRegistry 
11:05:2023 15:27:09.485 SerikHome tomcat {DEBUG} {SpringApplicationShutdownHook} {o.a.c.e.ServerImpl}: Server is stopping.
11:05:2023 15:27:09.485 SerikHome tomcat {DEBUG} {SpringApplicationShutdownHook} {o.a.c.t.s.ServletDestination}: unregistering incoming observer: org.apache.cxf.transport.ChainInitiationObserver@3f267e1b
11:05:2023 15:27:09.485 SerikHome tomcat {DEBUG} {SpringApplicationShutdownHook} {o.a.c.e.ServerImpl}: unregister the server to serverRegistry 
11:05:2023 15:27:09.490 SerikHome tomcat {INFO } {SpringApplicationShutdownHook} {o.s.o.j.LocalContainerEntityManagerFactoryBean}: Closing JPA EntityManagerFactory for persistence unit 'default'
11:05:2023 15:27:09.492 SerikHome tomcat {INFO } {SpringApplicationShutdownHook} {c.z.h.HikariDataSource}: HikariPool-1 - Shutdown initiated...
11:05:2023 15:27:09.497 SerikHome tomcat {INFO } {SpringApplicationShutdownHook} {c.z.h.HikariDataSource}: HikariPool-1 - Shutdown completed.
11:05:2023 23:22:38.401 SerikHome tomcat {INFO } {main} {o.s.b.t.c.SpringBootTestContextBootstrapper}: Neither @ContextConfiguration nor @ContextHierarchy found for test class [soap.start.serik.SerikApplicationTests], using SpringBootContextLoader
11:05:2023 23:22:38.409 SerikHome tomcat {INFO } {main} {o.s.t.c.s.AbstractContextLoader}: Could not detect default resource locations for test class [soap.start.serik.SerikApplicationTests]: no resource found for suffixes {-context.xml, Context.groovy}.
11:05:2023 23:22:38.410 SerikHome tomcat {INFO } {main} {o.s.t.c.s.AnnotationConfigContextLoaderUtils}: Could not detect default configuration classes for test class [soap.start.serik.SerikApplicationTests]: SerikApplicationTests does not declare any static, non-private, non-final, nested classes annotated with @Configuration.
11:05:2023 23:22:38.501 SerikHome tomcat {INFO } {main} {o.s.b.t.c.SpringBootTestContextBootstrapper}: Found @SpringBootConfiguration soap.start.serik.SerikApplication for test class soap.start.serik.SerikApplicationTests
11:05:2023 23:22:38.628 SerikHome tomcat {INFO } {main} {o.s.b.t.c.SpringBootTestContextBootstrapper}: Loaded default TestExecutionListener class names from location [META-INF/spring.factories]: [org.springframework.boot.test.mock.mockito.MockitoTestExecutionListener, org.springframework.boot.test.mock.mockito.ResetMocksTestExecutionListener, org.springframework.boot.test.autoconfigure.restdocs.RestDocsTestExecutionListener, org.springframework.boot.test.autoconfigure.web.client.MockRestServiceServerResetTestExecutionListener, org.springframework.boot.test.autoconfigure.web.servlet.MockMvcPrintOnlyOnFailureTestExecutionListener, org.springframework.boot.test.autoconfigure.web.servlet.WebDriverTestExecutionListener, org.springframework.boot.test.autoconfigure.webservices.client.MockWebServiceServerTestExecutionListener, org.springframework.test.context.web.ServletTestExecutionListener, org.springframework.test.context.support.DirtiesContextBeforeModesTestExecutionListener, org.springframework.test.context.event.ApplicationEventsTestExecutionListener, org.springframework.test.context.support.DependencyInjectionTestExecutionListener, org.springframework.test.context.support.DirtiesContextTestExecutionListener, org.springframework.test.context.transaction.TransactionalTestExecutionListener, org.springframework.test.context.jdbc.SqlScriptsTestExecutionListener, org.springframework.test.context.event.EventPublishingTestExecutionListener]
11:05:2023 23:22:38.644 SerikHome tomcat {INFO } {main} {o.s.b.t.c.SpringBootTestContextBootstrapper}: Using TestExecutionListeners: [org.springframework.test.context.web.ServletTestExecutionListener@704f1591, org.springframework.test.context.support.DirtiesContextBeforeModesTestExecutionListener@58fb7731, org.springframework.test.context.event.ApplicationEventsTestExecutionListener@13e547a9, org.springframework.boot.test.mock.mockito.MockitoTestExecutionListener@3fb6cf60, org.springframework.boot.test.autoconfigure.SpringBootDependencyInjectionTestExecutionListener@37ddb69a, org.springframework.test.context.support.DirtiesContextTestExecutionListener@349c1daf, org.springframework.test.context.transaction.TransactionalTestExecutionListener@dfddc9a, org.springframework.test.context.jdbc.SqlScriptsTestExecutionListener@4b9df8a, org.springframework.test.context.event.EventPublishingTestExecutionListener@5e8ac0e1, org.springframework.boot.test.mock.mockito.ResetMocksTestExecutionListener@aafcffa, org.springframework.boot.test.autoconfigure.restdocs.RestDocsTestExecutionListener@6955cb39, org.springframework.boot.test.autoconfigure.web.client.MockRestServiceServerResetTestExecutionListener@235a0c16, org.springframework.boot.test.autoconfigure.web.servlet.MockMvcPrintOnlyOnFailureTestExecutionListener@2b5f4d54, org.springframework.boot.test.autoconfigure.web.servlet.WebDriverTestExecutionListener@5f7b97da, org.springframework.boot.test.autoconfigure.webservices.client.MockWebServiceServerTestExecutionListener@18b0930f]
11:05:2023 23:22:38.925 SerikHome tomcat {INFO } {background-preinit} {o.h.v.i.u.Version}: HV000001: Hibernate Validator 6.2.5.Final
11:05:2023 23:22:38.945 SerikHome tomcat {INFO } {main} {s.s.s.SerikApplicationTests}: Starting SerikApplicationTests using Java 1.8.0_372 on SerikHome with PID 24784 (started by kobla in C:\Users\kobla\IdeaProjects\serik)
11:05:2023 23:22:38.948 SerikHome tomcat {INFO } {main} {s.s.s.SerikApplicationTests}: No active profile set, falling back to 1 default profile: "default"
11:05:2023 23:22:39.717 SerikHome tomcat {INFO } {main} {o.s.d.r.c.RepositoryConfigurationDelegate}: Bootstrapping Spring Data JPA repositories in DEFAULT mode.
11:05:2023 23:22:39.804 SerikHome tomcat {INFO } {main} {o.s.d.r.c.RepositoryConfigurationDelegate}: Finished Spring Data repository scanning in 80 ms. Found 14 JPA repository interfaces.
11:05:2023 23:22:40.156 SerikHome tomcat {DEBUG} {main} {o.a.c.c.l.LogUtils}: Using org.apache.cxf.common.logging.Slf4jLogger for logging.
11:05:2023 23:22:40.246 SerikHome tomcat {INFO } {main} {o.s.c.s.PostProcessorRegistrationDelegate$BeanPostProcessorChecker}: Bean 'org.springframework.ws.config.annotation.DelegatingWsConfiguration' of type [org.springframework.ws.config.annotation.DelegatingWsConfiguration$$EnhancerBySpringCGLIB$$798a3031] is not eligible for getting processed by all BeanPostProcessors (for example: not eligible for auto-proxying)
11:05:2023 23:22:40.292 SerikHome tomcat {INFO } {main} {o.s.w.s.a.s.AnnotationActionEndpointMapping}: Supporting [WS-Addressing August 2004, WS-Addressing 1.0]
11:05:2023 23:22:40.514 SerikHome tomcat {INFO } {main} {o.h.j.i.u.LogHelper}: HHH000204: Processing PersistenceUnitInfo [name: default]
11:05:2023 23:22:40.567 SerikHome tomcat {INFO } {main} {o.h.Version}: HHH000412: Hibernate ORM core version 5.6.12.Final
11:05:2023 23:22:40.719 SerikHome tomcat {INFO } {main} {o.h.a.c.Version}: HCANN000001: Hibernate Commons Annotations {5.1.2.Final}
11:05:2023 23:22:41.335 SerikHome tomcat {WARN } {main} {c.z.h.HikariConfig}: HikariPool-1 - maxLifetime is less than 30000ms, setting to default 1800000ms.
11:05:2023 23:22:41.335 SerikHome tomcat {INFO } {main} {c.z.h.HikariDataSource}: HikariPool-1 - Starting...
11:05:2023 23:22:41.543 SerikHome tomcat {INFO } {main} {c.z.h.HikariDataSource}: HikariPool-1 - Start completed.
11:05:2023 23:22:41.575 SerikHome tomcat {INFO } {main} {o.h.d.Dialect}: HHH000400: Using dialect: org.hibernate.dialect.PostgreSQL10Dialect
11:05:2023 23:22:42.786 SerikHome tomcat {INFO } {main} {o.h.e.t.j.p.i.JtaPlatformInitiator}: HHH000490: Using JtaPlatform implementation: [org.hibernate.engine.transaction.jta.platform.internal.NoJtaPlatform]
11:05:2023 23:22:42.794 SerikHome tomcat {INFO } {main} {o.s.o.j.LocalContainerEntityManagerFactoryBean}: Initialized JPA EntityManagerFactory for persistence unit 'default'
11:05:2023 23:22:42.881 SerikHome tomcat {DEBUG} {main} {o.a.c.c.s.ConfigurerImpl}: Could not determine bean name for instance of class org.apache.cxf.ws.policy.PolicyAnnotationListener.
11:05:2023 23:22:42.884 SerikHome tomcat {DEBUG} {main} {o.a.c.c.s.ConfigurerImpl}: Could not determine bean name for instance of class org.apache.cxf.service.factory.FactoryBeanListenerManager.
11:05:2023 23:22:42.887 SerikHome tomcat {DEBUG} {main} {o.a.c.c.s.ConfigurerImpl}: Could not determine bean name for instance of class org.apache.cxf.ws.policy.PolicyEngineImpl.
11:05:2023 23:22:42.888 SerikHome tomcat {DEBUG} {main} {o.a.c.c.s.ConfigurerImpl}: Could not determine bean name for instance of class org.apache.cxf.ws.policy.PolicyDataEngineImpl.
11:05:2023 23:22:42.888 SerikHome tomcat {DEBUG} {main} {o.a.c.c.s.ConfigurerImpl}: Could not determine bean name for instance of class org.apache.cxf.bus.managers.CXFBusLifeCycleManager.
11:05:2023 23:22:42.890 SerikHome tomcat {DEBUG} {main} {o.a.c.c.s.ConfigurerImpl}: Could not determine bean name for instance of class org.apache.cxf.bus.managers.ServerRegistryImpl.
11:05:2023 23:22:43.808 SerikHome tomcat {DEBUG} {main} {o.a.c.c.s.ConfigurerImpl}: Could not find a definition for bean with id {http://serik.start.soap/}HelloPort.jaxws-endpoint - no injection will be performed.
11:05:2023 23:22:43.809 SerikHome tomcat {DEBUG} {main} {o.a.c.c.s.ConfigurerImpl}: Could not find a definition for bean with id org.apache.cxf.jaxws.JaxWsServerFactoryBean - no injection will be performed.
11:05:2023 23:22:43.820 SerikHome tomcat {INFO } {main} {o.a.c.w.s.f.ReflectionServiceFactoryBean}: Creating Service {http://serik.start.soap/}HelloService from class soap.start.serik.web_services.server.HelloService
11:05:2023 23:22:43.865 SerikHome tomcat {DEBUG} {main} {o.a.c.c.s.ConfigurerImpl}: Could not determine bean name for instance of class org.apache.cxf.common.util.ASMHelperImpl.
11:05:2023 23:22:43.865 SerikHome tomcat {DEBUG} {main} {o.a.c.c.s.ConfigurerImpl}: Could not determine bean name for instance of class org.apache.cxf.jaxws.spi.WrapperClassCreatorProxyService.
11:05:2023 23:22:44.005 SerikHome tomcat {DEBUG} {main} {o.a.c.j.JAXBDataBinding}: Created JAXBContext "jar:file:/C:/Users/kobla/.m2/repository/org/glassfish/jaxb/jaxb-runtime/2.3.7/jaxb-runtime-2.3.7.jar!/com/sun/xml/bind/v2/runtime/JAXBContextImpl.class Build-Id: 2.3.7
Classes known to this context:
  [B
  boolean
  byte
  char
  com.sun.xml.bind.api.CompositeStructure
  double
  float
  int
  java.awt.Image
  java.io.File
  java.lang.Boolean
  java.lang.Byte
  java.lang.Character
  java.lang.Class
  java.lang.Double
  java.lang.Float
  java.lang.Integer
  java.lang.Long
  java.lang.Object
  java.lang.Short
  java.lang.String
  java.lang.Void
  java.math.BigDecimal
  java.math.BigInteger
  java.net.URI
  java.net.URL
  java.util.Calendar
  java.util.Date
  java.util.GregorianCalendar
  java.util.UUID
  javax.activation.DataHandler
  javax.xml.bind.JAXBElement
  javax.xml.datatype.Duration
  javax.xml.datatype.XMLGregorianCalendar
  javax.xml.namespace.QName
  javax.xml.transform.Source
  long
  short
  soap.start.serik.web_services.server.jaxws_asm.SayHello
  soap.start.serik.web_services.server.jaxws_asm.SayHelloResponse
  void
" with classes [class soap.start.serik.web_services.server.jaxws_asm.SayHello, class soap.start.serik.web_services.server.jaxws_asm.SayHelloResponse].
11:05:2023 23:22:44.009 SerikHome tomcat {DEBUG} {main} {o.a.c.c.u.ProxyHelper}: current classloader sun.misc.Launcher$AppClassLoader@75b84c92 can see all interface
11:05:2023 23:22:44.011 SerikHome tomcat {DEBUG} {main} {o.a.c.c.u.ProxyHelper}: current classloader sun.misc.Launcher$AppClassLoader@75b84c92 can see all interface
11:05:2023 23:22:44.097 SerikHome tomcat {DEBUG} {main} {o.a.c.c.s.ConfigurerImpl}: Could not determine bean name for instance of class org.apache.cxf.binding.soap.SoapBindingFactory.
11:05:2023 23:22:44.129 SerikHome tomcat {DEBUG} {main} {o.a.c.c.s.ConfigurerImpl}: Could not determine bean name for instance of class org.apache.cxf.wsdl11.WSDLManagerImpl.
11:05:2023 23:22:44.130 SerikHome tomcat {DEBUG} {main} {o.a.c.r.DefaultResourceManager}: resolving resource <org.apache.cxf.wsdl11.WSDLManagerImpl/bus> type <interface org.apache.cxf.Bus>
11:05:2023 23:22:44.131 SerikHome tomcat {DEBUG} {main} {o.a.c.r.DefaultResourceManager}: resolving resource <null> type <interface org.apache.cxf.Bus>
11:05:2023 23:22:44.137 SerikHome tomcat {DEBUG} {main} {o.a.c.c.s.ConfigurerImpl}: Could not determine bean name for instance of class org.apache.cxf.wsdl.ExtensionClassCreatorProxyService.
11:05:2023 23:22:44.155 SerikHome tomcat {DEBUG} {main} {o.a.c.c.s.ConfigurerImpl}: Could not determine bean name for instance of class org.apache.cxf.transport.http.HTTPWSDLExtensionLoader.
11:05:2023 23:22:44.161 SerikHome tomcat {DEBUG} {main} {o.a.c.c.s.ConfigurerImpl}: Could not determine bean name for instance of class org.apache.cxf.binding.xml.wsdl11.XMLWSDLExtensionLoader.
11:05:2023 23:22:44.165 SerikHome tomcat {DEBUG} {main} {o.a.c.c.s.ConfigurerImpl}: Could not determine bean name for instance of class org.apache.cxf.ws.addressing.impl.AddressingWSDLExtensionLoader.
11:05:2023 23:22:44.178 SerikHome tomcat {DEBUG} {main} {o.a.c.c.s.ConfigurerImpl}: Could not determine bean name for instance of class org.apache.cxf.binding.soap.SoapTransportFactory.
11:05:2023 23:22:44.229 SerikHome tomcat {DEBUG} {main} {o.a.c.c.s.ConfigurerImpl}: Could not determine bean name for instance of class org.apache.cxf.transport.http.HTTPTransportFactory.
11:05:2023 23:22:44.240 SerikHome tomcat {DEBUG} {main} {o.a.c.c.s.ConfigurerImpl}: Could not find a definition for bean with id {http://serik.start.soap/}HelloPort.http-destination - no injection will be performed.
11:05:2023 23:22:44.241 SerikHome tomcat {INFO } {main} {o.a.c.e.ServerImpl}: Setting the server's publish address to be /hello
11:05:2023 23:22:44.243 SerikHome tomcat {DEBUG} {main} {o.a.c.c.s.ConfigurerImpl}: Could not determine bean name for instance of class org.apache.cxf.bus.managers.ServerLifeCycleManagerImpl.
11:05:2023 23:22:44.248 SerikHome tomcat {DEBUG} {main} {o.a.c.j.h.AnnotationHandlerChainBuilder}: building handler chain
11:05:2023 23:22:44.249 SerikHome tomcat {DEBUG} {main} {o.a.c.j.h.AnnotationHandlerChainBuilder}: Checking for HandlerChain annotation on soap.start.serik.web_services.server.HelloServiceImpl
11:05:2023 23:22:44.249 SerikHome tomcat {DEBUG} {main} {o.a.c.j.h.AnnotationHandlerChainBuilder}: Checking for HandlerChain annotation on soap.start.serik.web_services.server.HelloService
11:05:2023 23:22:44.348 SerikHome tomcat {DEBUG} {main} {o.a.c.j.h.HandlerChainBuilder}: loading handler
11:05:2023 23:22:44.350 SerikHome tomcat {DEBUG} {main} {o.a.c.j.h.HandlerChainBuilder}: adding handler to chain: soap.start.serik.handlers.PropertyValidator@7a7bd9a8
11:05:2023 23:22:44.350 SerikHome tomcat {DEBUG} {main} {o.a.c.j.h.HandlerChainBuilder}: loading handler
11:05:2023 23:22:44.352 SerikHome tomcat {DEBUG} {main} {o.a.c.j.h.HandlerChainBuilder}: adding handler to chain: soap.start.serik.handlers.LoggingHandler@72b6fa98
11:05:2023 23:22:44.352 SerikHome tomcat {DEBUG} {main} {o.a.c.c.s.ConfigurerImpl}: Could not find a definition for bean with id {http://serik.start.soap/}HelloService - no injection will be performed.
11:05:2023 23:22:44.352 SerikHome tomcat {DEBUG} {main} {o.a.c.c.s.ConfigurerImpl}: Could not find a definition for bean with id {http://serik.start.soap/}HelloPort.endpoint - no injection will be performed.
11:05:2023 23:22:44.353 SerikHome tomcat {DEBUG} {main} {o.a.c.e.ServerImpl}: Server is starting.
11:05:2023 23:22:44.353 SerikHome tomcat {DEBUG} {main} {o.a.c.t.s.ServletDestination}: registering incoming observer: org.apache.cxf.transport.ChainInitiationObserver@3f267e1b
11:05:2023 23:22:44.354 SerikHome tomcat {DEBUG} {main} {o.a.c.e.ServerImpl}: register the server to serverRegistry 
11:05:2023 23:22:44.361 SerikHome tomcat {DEBUG} {main} {o.a.c.c.s.ConfigurerImpl}: Could not find a definition for bean with id {http://bip.bee.kz/SyncChannel/v10/Interfaces}SyncChannelHttpPort.jaxws-endpoint - no injection will be performed.
11:05:2023 23:22:44.361 SerikHome tomcat {DEBUG} {main} {o.a.c.c.s.ConfigurerImpl}: Could not find a definition for bean with id org.apache.cxf.jaxws.JaxWsServerFactoryBean - no injection will be performed.
11:05:2023 23:22:44.362 SerikHome tomcat {INFO } {main} {o.a.c.w.s.f.ReflectionServiceFactoryBean}: Creating Service {http://bip.bee.kz/SyncChannel/v10/Interfaces}ria from class kz.bee.bip.esedo.ISyncChannel
11:05:2023 23:22:44.452 SerikHome tomcat {DEBUG} {main} {o.a.c.j.JAXBDataBinding}: Created JAXBContext "jar:file:/C:/Users/kobla/.m2/repository/org/glassfish/jaxb/jaxb-runtime/2.3.7/jaxb-runtime-2.3.7.jar!/com/sun/xml/bind/v2/runtime/JAXBContextImpl.class Build-Id: 2.3.7
Classes known to this context:
  [B
  boolean
  byte
  char
  com.sun.xml.bind.api.CompositeStructure
  double
  float
  int
  java.awt.Image
  java.io.File
  java.lang.Boolean
  java.lang.Byte
  java.lang.Character
  java.lang.Class
  java.lang.Double
  java.lang.Float
  java.lang.Integer
  java.lang.Long
  java.lang.Object
  java.lang.Short
  java.lang.String
  java.lang.Void
  java.math.BigDecimal
  java.math.BigInteger
  java.net.URI
  java.net.URL
  java.util.Calendar
  java.util.Date
  java.util.GregorianCalendar
  java.util.UUID
  javax.activation.DataHandler
  javax.xml.bind.JAXBElement
  javax.xml.datatype.Duration
  javax.xml.datatype.XMLGregorianCalendar
  javax.xml.namespace.QName
  javax.xml.transform.Source
  kz.bee.bip.SyncChannel.v10.Types.Property
  kz.bee.bip.SyncChannel.v10.Types.SendMessage
  kz.bee.bip.SyncChannel.v10.Types.SendMessageResponse
  kz.bee.bip.SyncChannel.v10.Types.SenderInfo
  kz.bee.bip.SyncChannel.v10.Types.StatusInfo
  kz.bee.bip.SyncChannel.v10.Types.SyncMessageInfo
  kz.bee.bip.SyncChannel.v10.Types.SyncMessageInfoResponse
  kz.bee.bip.SyncChannel.v10.Types.request.Data
  kz.bee.bip.SyncChannel.v10.Types.request.RequestData
  kz.bee.bip.SyncChannel.v10.Types.request.SyncSendMessageRequest
  kz.bee.bip.SyncChannel.v10.Types.response.ResponseData
  kz.bee.bip.SyncChannel.v10.Types.response.SyncSendMessageResponse
  kz.bee.bip.common.v10.Types.ErrorInfo
  kz.bee.bip.esedo.Attachment
  kz.bee.bip.esedo.DocAppeal
  kz.bee.bip.esedo.DocOL
  kz.bee.bip.esedo.DocOutgoing
  kz.bee.bip.esedo.DocSection
  kz.bee.bip.esedo.EECBApprovalData
  kz.bee.bip.esedo.EECBDocumentMetadata
  kz.bee.bip.esedo.EECBPublication
  kz.bee.bip.esedo.Message
  kz.bee.bip.esedo.MetadataSystem
  kz.bee.bip.esedo.Property
  kz.bee.bip.esedo.RequestData
  kz.bee.bip.esedo.ResponseData
  kz.bee.bip.esedo.SendMessage
  kz.bee.bip.esedo.SendMessageResponse
  kz.bee.bip.esedo.SenderInfo
  kz.bee.bip.esedo.StateDelivered
  kz.bee.bip.esedo.StateExecution
  kz.bee.bip.esedo.StateFinished
  kz.bee.bip.esedo.StateNewControl
  kz.bee.bip.esedo.StateNewControlWrong
  kz.bee.bip.esedo.StateNewExDate
  kz.bee.bip.esedo.StateNotValid
  kz.bee.bip.esedo.StateProlongExDate
  kz.bee.bip.esedo.StateRegistered
  kz.bee.bip.esedo.StateStartProcessResponse
  kz.bee.bip.esedo.StateTakeOfControl
  kz.bee.bip.esedo.StateTakeOfControlWrong
  kz.bee.bip.esedo.StatusInfo
  kz.bee.bip.esedo.SyncMessageInfoResponse
  kz.bee.bip.esedo.SyncSendMessageRequest
  kz.bee.bip.esedo.SyncSendMessageResponse
  kz.bee.bip.esedo.System
  kz.bee.bip.esedo.eds.ConfirmRequest
  kz.bee.bip.esedo.eds.ConfirmResponse
  kz.bee.bip.esedo.eds.DownloadRequest
  kz.bee.bip.esedo.eds.DownloadResponse
  kz.bee.bip.esedo.eds.FileConfirmResult
  kz.bee.bip.esedo.eds.FileDownloadResult
  kz.bee.bip.esedo.eds.FileInfo
  kz.bee.bip.esedo.eds.FileInfoResult
  kz.bee.bip.esedo.eds.FileUploadResult
  kz.bee.bip.esedo.eds.GetFileInfoRequest
  kz.bee.bip.esedo.eds.GetFileInfoResponse
  kz.bee.bip.esedo.eds.ProcessStatus
  kz.bee.bip.esedo.eds.TempStorageRequest
  kz.bee.bip.esedo.eds.TempStorageRequestType
  kz.bee.bip.esedo.eds.TempStorageResponse
  kz.bee.bip.esedo.eds.UploadFileRequest
  kz.bee.bip.esedo.eds.UploadRequest
  kz.bee.bip.esedo.eds.UploadResponse
  kz.bee.bip.esedo.nsi.DictionaryElement
  kz.bee.bip.esedo.nsi.DictionaryRequest
  kz.bee.bip.esedo.nsi.DictionaryResponse
  long
  short
  void
" with classes [class kz.bee.bip.esedo.SendMessage, class kz.bee.bip.esedo.SyncSendMessageRequest, class kz.bee.bip.SyncChannel.v10.Types.SyncMessageInfo, class kz.bee.bip.SyncChannel.v10.Types.SenderInfo, class kz.bee.bip.SyncChannel.v10.Types.Property, class kz.bee.bip.esedo.RequestData, class kz.bee.bip.esedo.DocOutgoing, class kz.bee.bip.esedo.Message, class kz.bee.bip.esedo.nsi.DictionaryRequest, class kz.bee.bip.esedo.Attachment, class kz.bee.bip.esedo.MetadataSystem, class kz.bee.bip.esedo.nsi.DictionaryResponse, class kz.bee.bip.esedo.nsi.DictionaryElement, class kz.bee.bip.esedo.DocSection, class kz.bee.bip.esedo.DocAppeal, class kz.bee.bip.esedo.DocOL, class kz.bee.bip.esedo.StateFinished, class kz.bee.bip.esedo.StateProlongExDate, class kz.bee.bip.esedo.StateNewExDate, class kz.bee.bip.esedo.StateTakeOfControl, class kz.bee.bip.esedo.StateNotValid, class kz.bee.bip.esedo.StateNewControl, class kz.bee.bip.esedo.StateDelivered, class kz.bee.bip.esedo.StateNewControlWrong, class kz.bee.bip.esedo.StateRegistered, class kz.bee.bip.esedo.StateStartProcessResponse, class kz.bee.bip.esedo.StateExecution, class kz.bee.bip.esedo.StateTakeOfControlWrong, class kz.bee.bip.esedo.EECBDocumentMetadata, class kz.bee.bip.esedo.EECBApprovalData, class kz.bee.bip.esedo.EECBPublication, class kz.bee.bip.esedo.SendMessageResponse, class kz.bee.bip.esedo.SyncSendMessageResponse, class kz.bee.bip.esedo.SyncMessageInfoResponse, class kz.bee.bip.esedo.StatusInfo, class kz.bee.bip.esedo.ResponseData, class kz.bee.bip.esedo.ObjectFactory, class kz.bee.bip.SyncChannel.v10.Types.ObjectFactory].
11:05:2023 23:22:44.453 SerikHome tomcat {DEBUG} {main} {o.a.c.c.u.ProxyHelper}: current classloader sun.misc.Launcher$AppClassLoader@75b84c92 can see all interface
11:05:2023 23:22:44.453 SerikHome tomcat {DEBUG} {main} {o.a.c.c.u.ProxyHelper}: current classloader sun.misc.Launcher$AppClassLoader@75b84c92 can see all interface
11:05:2023 23:22:44.532 SerikHome tomcat {DEBUG} {main} {o.a.c.c.s.ConfigurerImpl}: Could not find a definition for bean with id {http://bip.bee.kz/SyncChannel/v10/Interfaces}SyncChannelHttpPort.http-destination - no injection will be performed.
11:05:2023 23:22:44.533 SerikHome tomcat {INFO } {main} {o.a.c.e.ServerImpl}: Setting the server's publish address to be /delivered
11:05:2023 23:22:44.533 SerikHome tomcat {DEBUG} {main} {o.a.c.j.h.AnnotationHandlerChainBuilder}: building handler chain
11:05:2023 23:22:44.533 SerikHome tomcat {DEBUG} {main} {o.a.c.j.h.AnnotationHandlerChainBuilder}: Checking for HandlerChain annotation on kz.bee.bip.esedo.SyncChannelImpl
11:05:2023 23:22:44.533 SerikHome tomcat {DEBUG} {main} {o.a.c.j.h.AnnotationHandlerChainBuilder}: Checking for HandlerChain annotation on kz.bee.bip.esedo.ISyncChannel
11:05:2023 23:22:44.534 SerikHome tomcat {DEBUG} {main} {o.a.c.j.h.HandlerChainBuilder}: loading handler
11:05:2023 23:22:44.534 SerikHome tomcat {DEBUG} {main} {o.a.c.j.h.HandlerChainBuilder}: adding handler to chain: soap.start.serik.handlers.PropertyValidator@2ecd2aa4
11:05:2023 23:22:44.534 SerikHome tomcat {DEBUG} {main} {o.a.c.j.h.HandlerChainBuilder}: loading handler
11:05:2023 23:22:44.534 SerikHome tomcat {DEBUG} {main} {o.a.c.j.h.HandlerChainBuilder}: adding handler to chain: soap.start.serik.handlers.LoggingHandler@27bc2650
11:05:2023 23:22:44.535 SerikHome tomcat {DEBUG} {main} {o.a.c.c.s.ConfigurerImpl}: Could not find a definition for bean with id {http://bip.bee.kz/SyncChannel/v10/Interfaces}ria - no injection will be performed.
11:05:2023 23:22:44.535 SerikHome tomcat {DEBUG} {main} {o.a.c.c.s.ConfigurerImpl}: Could not find a definition for bean with id {http://bip.bee.kz/SyncChannel/v10/Interfaces}SyncChannelHttpPort.endpoint - no injection will be performed.
11:05:2023 23:22:44.535 SerikHome tomcat {DEBUG} {main} {o.a.c.e.ServerImpl}: Server is starting.
11:05:2023 23:22:44.535 SerikHome tomcat {DEBUG} {main} {o.a.c.t.s.ServletDestination}: registering incoming observer: org.apache.cxf.transport.ChainInitiationObserver@5c40402c
11:05:2023 23:22:44.535 SerikHome tomcat {DEBUG} {main} {o.a.c.e.ServerImpl}: register the server to serverRegistry 
11:05:2023 23:22:44.887 SerikHome tomcat {WARN } {main} {o.s.b.a.o.j.JpaBaseConfiguration$JpaWebConfiguration}: spring.jpa.open-in-view is enabled by default. Therefore, database queries may be performed during view rendering. Explicitly configure spring.jpa.open-in-view to disable this warning
11:05:2023 23:22:46.396 SerikHome tomcat {INFO } {main} {s.s.s.SerikApplicationTests}: Started SerikApplicationTests in 7.718 seconds (JVM running for 8.945)
11:05:2023 23:22:46.496 SerikHome tomcat {DEBUG} {SpringApplicationShutdownHook} {o.a.c.e.ServerImpl}: Server is stopping.
11:05:2023 23:22:46.496 SerikHome tomcat {DEBUG} {SpringApplicationShutdownHook} {o.a.c.t.s.ServletDestination}: unregistering incoming observer: org.apache.cxf.transport.ChainInitiationObserver@5c40402c
11:05:2023 23:22:46.497 SerikHome tomcat {DEBUG} {SpringApplicationShutdownHook} {o.a.c.e.ServerImpl}: unregister the server to serverRegistry 
11:05:2023 23:22:46.497 SerikHome tomcat {DEBUG} {SpringApplicationShutdownHook} {o.a.c.e.ServerImpl}: Server is stopping.
11:05:2023 23:22:46.497 SerikHome tomcat {DEBUG} {SpringApplicationShutdownHook} {o.a.c.t.s.ServletDestination}: unregistering incoming observer: org.apache.cxf.transport.ChainInitiationObserver@3f267e1b
11:05:2023 23:22:46.497 SerikHome tomcat {DEBUG} {SpringApplicationShutdownHook} {o.a.c.e.ServerImpl}: unregister the server to serverRegistry 
11:05:2023 23:22:46.502 SerikHome tomcat {INFO } {SpringApplicationShutdownHook} {o.s.o.j.LocalContainerEntityManagerFactoryBean}: Closing JPA EntityManagerFactory for persistence unit 'default'
11:05:2023 23:22:46.503 SerikHome tomcat {INFO } {SpringApplicationShutdownHook} {c.z.h.HikariDataSource}: HikariPool-1 - Shutdown initiated...
11:05:2023 23:22:46.507 SerikHome tomcat {INFO } {SpringApplicationShutdownHook} {c.z.h.HikariDataSource}: HikariPool-1 - Shutdown completed.
