08:03:2023 18:30:29.987 SerikHome tomcat {INFO } {http-nio-8088-exec-5} {s.s.s.c.DocController}: Incoming message
08:03:2023 18:30:30.019 SerikHome tomcat {INFO } {http-nio-8088-exec-5} {s.s.s.c.DocController}: {
  "attachments" : [ {
    "fileIdentifier" : "00000000-0004-a4f6-e1bd-55f074fe1a59"
  }, {
    "fileIdentifier" : "00000000-0004-a4f7-e709-7db44f80dd03"
  } ],
  "metadataSystem" : {
    "activityId" : "63e21c30-9df3-49e0-8502-53420439c03e",
    "from" : 17466374,
    "href" : "63e21c30-9df3-49e0-8502-53420439c03e",
    "performers" : [ 1629005 ],
    "senderOrg" : 2294133
  },
  "appendCount" : "0",
  "authorNameKz" : "",
  "authorNameRu" : "",
  "carrierType" : "1",
  "character" : 12439676,
  "controlTypeOuterCode" : null,
  "controlTypeOuterNameKz" : null,
  "controlTypeOuterNameRu" : null,
  "description" : "НАО 19791",
  "docDate" : 1555524000000,
  "docKind" : 12260868,
  "docLang" : "KZ",
  "docNo" : "510-02-05/19791",
  "docNoR" : null,
  "docRecPostKz" : null,
  "docRecPostRu" : null,
  "docToNumber" : null,
  "documentReceiverKz" : null,
  "documentReceiverRu" : null,
  "documentSectionId" : null,
  "employeePhone" : "55-72-47",
  "executionDate" : null,
  "executor" : "Естек Г.А.",
  "idPortalInternal" : null,
  "outTime" : 1678253024000,
  "portalSign" : null,
  "preparedDate" : 1555563604000,
  "resolutionText" : null,
  "secondSignData" : "",
  "secondSignEnabled" : "1",
  "sectionId" : null,
  "sheetCount" : "",
  "signerNameKz" : "",
  "signerNameRu" : "",
  "userUin" : null,
  "eecbDocumentMetadata" : null
}
08:03:2023 18:30:51.550 SerikHome tomcat {INFO } {http-nio-8088-exec-5} {s.s.s.c.DocController}: end of exception response Connection timed out: connect
08:03:2023 18:32:07.872 SerikHome tomcat {INFO } {http-nio-8088-exec-7} {s.s.s.c.DocController}: Incoming message
08:03:2023 18:32:07.877 SerikHome tomcat {INFO } {http-nio-8088-exec-7} {s.s.s.c.DocController}: {
  "attachments" : [ {
    "fileIdentifier" : "00000000-0004-a4f6-e1bd-55f074fe1a59"
  }, {
    "fileIdentifier" : "00000000-0004-a4f7-e709-7db44f80dd03"
  } ],
  "metadataSystem" : {
    "activityId" : "63e21c30-9df3-49e0-8502-53420439c03e",
    "from" : 17466374,
    "href" : "63e21c30-9df3-49e0-8502-53420439c03e",
    "performers" : [ 1629005 ],
    "senderOrg" : 2294133
  },
  "appendCount" : "0",
  "authorNameKz" : "",
  "authorNameRu" : "",
  "carrierType" : "1",
  "character" : 12439676,
  "controlTypeOuterCode" : null,
  "controlTypeOuterNameKz" : null,
  "controlTypeOuterNameRu" : null,
  "description" : "НАО 19791",
  "docDate" : 1555524000000,
  "docKind" : 12260868,
  "docLang" : "KZ",
  "docNo" : "510-02-05/19791",
  "docNoR" : null,
  "docRecPostKz" : null,
  "docRecPostRu" : null,
  "docToNumber" : null,
  "documentReceiverKz" : null,
  "documentReceiverRu" : null,
  "documentSectionId" : null,
  "employeePhone" : "55-72-47",
  "executionDate" : null,
  "executor" : "Естек Г.А.",
  "idPortalInternal" : null,
  "outTime" : 1678253024000,
  "portalSign" : null,
  "preparedDate" : 1555563604000,
  "resolutionText" : null,
  "secondSignData" : "",
  "secondSignEnabled" : "1",
  "sectionId" : null,
  "sheetCount" : "",
  "signerNameKz" : "",
  "signerNameRu" : "",
  "userUin" : null,
  "eecbDocumentMetadata" : null
}
08:03:2023 18:32:28.978 SerikHome tomcat {INFO } {http-nio-8088-exec-7} {s.s.s.c.DocController}: end of exception response Connection timed out: connect
08:03:2023 18:32:32.142 SerikHome tomcat {INFO } {http-nio-8088-exec-8} {s.s.s.c.DocController}: Incoming message
08:03:2023 18:32:32.145 SerikHome tomcat {INFO } {http-nio-8088-exec-8} {s.s.s.c.DocController}: {
  "attachments" : [ {
    "fileIdentifier" : "00000000-0004-a4f6-e1bd-55f074fe1a59"
  }, {
    "fileIdentifier" : "00000000-0004-a4f7-e709-7db44f80dd03"
  } ],
  "metadataSystem" : {
    "activityId" : "63e21c30-9df3-49e0-8502-53420439c03e",
    "from" : 17466374,
    "href" : "63e21c30-9df3-49e0-8502-53420439c03e",
    "performers" : [ 1629005 ],
    "senderOrg" : 2294133
  },
  "appendCount" : "0",
  "authorNameKz" : "",
  "authorNameRu" : "",
  "carrierType" : "1",
  "character" : 12439676,
  "controlTypeOuterCode" : null,
  "controlTypeOuterNameKz" : null,
  "controlTypeOuterNameRu" : null,
  "description" : "НАО 19791",
  "docDate" : 1555524000000,
  "docKind" : 12260868,
  "docLang" : "KZ",
  "docNo" : "510-02-05/19791",
  "docNoR" : null,
  "docRecPostKz" : null,
  "docRecPostRu" : null,
  "docToNumber" : null,
  "documentReceiverKz" : null,
  "documentReceiverRu" : null,
  "documentSectionId" : null,
  "employeePhone" : "55-72-47",
  "executionDate" : null,
  "executor" : "Естек Г.А.",
  "idPortalInternal" : null,
  "outTime" : 1678253024000,
  "portalSign" : null,
  "preparedDate" : 1555563604000,
  "resolutionText" : null,
  "secondSignData" : "",
  "secondSignEnabled" : "1",
  "sectionId" : null,
  "sheetCount" : "",
  "signerNameKz" : "",
  "signerNameRu" : "",
  "userUin" : null,
  "eecbDocumentMetadata" : null
}
08:03:2023 18:32:53.207 SerikHome tomcat {INFO } {http-nio-8088-exec-8} {s.s.s.c.DocController}: end of exception response Connection timed out: connect
08:03:2023 18:33:12.205 SerikHome tomcat {INFO } {http-nio-8088-exec-2} {s.s.s.c.DocController}: Incoming message
08:03:2023 18:33:12.231 SerikHome tomcat {INFO } {http-nio-8088-exec-2} {s.s.s.c.DocController}: {
  "attachments" : [ {
    "fileIdentifier" : "00000000-0004-a4f6-e1bd-55f074fe1a59"
  }, {
    "fileIdentifier" : "00000000-0004-a4f7-e709-7db44f80dd03"
  } ],
  "metadataSystem" : {
    "activityId" : "63e21c30-9df3-49e0-8502-53420439c03e",
    "from" : 17466374,
    "href" : "63e21c30-9df3-49e0-8502-53420439c03e",
    "performers" : [ 1629005 ],
    "senderOrg" : 2294133
  },
  "appendCount" : "0",
  "authorNameKz" : "",
  "authorNameRu" : "",
  "carrierType" : "1",
  "character" : 12439676,
  "controlTypeOuterCode" : null,
  "controlTypeOuterNameKz" : null,
  "controlTypeOuterNameRu" : null,
  "description" : "НАО 19791",
  "docDate" : 1555524000000,
  "docKind" : 12260868,
  "docLang" : "KZ",
  "docNo" : "510-02-05/19791",
  "docNoR" : null,
  "docRecPostKz" : null,
  "docRecPostRu" : null,
  "docToNumber" : null,
  "documentReceiverKz" : null,
  "documentReceiverRu" : null,
  "documentSectionId" : null,
  "employeePhone" : "55-72-47",
  "executionDate" : null,
  "executor" : "Естек Г.А.",
  "idPortalInternal" : null,
  "outTime" : 1678253024000,
  "portalSign" : null,
  "preparedDate" : 1555563604000,
  "resolutionText" : null,
  "secondSignData" : "",
  "secondSignEnabled" : "1",
  "sectionId" : null,
  "sheetCount" : "",
  "signerNameKz" : "",
  "signerNameRu" : "",
  "userUin" : null,
  "eecbDocumentMetadata" : null
}
08:03:2023 18:33:41.138 SerikHome tomcat {INFO } {http-nio-8088-exec-2} {s.s.s.c.DocController}: end of exception response Connection timed out: connect
