29:12:2022 14:50:08.148 SerikHome tomcat {DEBUG} {main} {o.a.c.c.l.LogUtils}: Using org.apache.cxf.common.logging.Slf4jLogger for logging.
29:12:2022 14:50:08.401 SerikHome tomcat {DEBUG} {main} {o.a.c.c.s.ConfigurerImpl}: Could not determine bean name for instance of class org.apache.cxf.ws.policy.PolicyAnnotationListener.
29:12:2022 14:50:08.404 SerikHome tomcat {DEBUG} {main} {o.a.c.c.s.ConfigurerImpl}: Could not determine bean name for instance of class org.apache.cxf.service.factory.FactoryBeanListenerManager.
29:12:2022 14:50:08.408 SerikHome tomcat {DEBUG} {main} {o.a.c.c.s.ConfigurerImpl}: Could not determine bean name for instance of class org.apache.cxf.ws.policy.PolicyEngineImpl.
29:12:2022 14:50:08.410 SerikHome tomcat {DEBUG} {main} {o.a.c.c.s.ConfigurerImpl}: Could not determine bean name for instance of class org.apache.cxf.ws.policy.PolicyDataEngineImpl.
29:12:2022 14:50:08.410 SerikHome tomcat {DEBUG} {main} {o.a.c.c.s.ConfigurerImpl}: Could not determine bean name for instance of class org.apache.cxf.bus.managers.CXFBusLifeCycleManager.
29:12:2022 14:50:08.412 SerikHome tomcat {DEBUG} {main} {o.a.c.c.s.ConfigurerImpl}: Could not determine bean name for instance of class org.apache.cxf.bus.managers.ServerRegistryImpl.
29:12:2022 14:50:08.492 SerikHome tomcat {DEBUG} {main} {o.a.c.c.s.ConfigurerImpl}: Could not find a definition for bean with id {http://serik.start.soap/}HelloPort.jaxws-endpoint - no injection will be performed.
29:12:2022 14:50:08.493 SerikHome tomcat {DEBUG} {main} {o.a.c.c.s.ConfigurerImpl}: Could not find a definition for bean with id org.apache.cxf.jaxws.JaxWsServerFactoryBean - no injection will be performed.
29:12:2022 14:50:08.505 SerikHome tomcat {INFO } {main} {o.a.c.w.s.f.ReflectionServiceFactoryBean}: Creating Service {http://serik.start.soap/}HelloService from class soap.start.serik.web_services.server.HelloService
29:12:2022 14:50:08.554 SerikHome tomcat {DEBUG} {main} {o.a.c.c.s.ConfigurerImpl}: Could not determine bean name for instance of class org.apache.cxf.common.util.ASMHelperImpl.
29:12:2022 14:50:08.555 SerikHome tomcat {DEBUG} {main} {o.a.c.c.s.ConfigurerImpl}: Could not determine bean name for instance of class org.apache.cxf.jaxws.spi.WrapperClassCreatorProxyService.
29:12:2022 14:50:08.713 SerikHome tomcat {DEBUG} {main} {o.a.c.j.JAXBDataBinding}: Created JAXBContext "jar:file:/C:/Users/kobla/.m2/repository/org/glassfish/jaxb/jaxb-runtime/2.3.7/jaxb-runtime-2.3.7.jar!/com/sun/xml/bind/v2/runtime/JAXBContextImpl.class Build-Id: 2.3.7
Classes known to this context:
  [B
  boolean
  byte
  char
  com.sun.xml.bind.api.CompositeStructure
  double
  float
  int
  java.awt.Image
  java.io.File
  java.lang.Boolean
  java.lang.Byte
  java.lang.Character
  java.lang.Class
  java.lang.Double
  java.lang.Float
  java.lang.Integer
  java.lang.Long
  java.lang.Object
  java.lang.Short
  java.lang.String
  java.lang.Void
  java.math.BigDecimal
  java.math.BigInteger
  java.net.URI
  java.net.URL
  java.util.Calendar
  java.util.Date
  java.util.GregorianCalendar
  java.util.UUID
  javax.activation.DataHandler
  javax.xml.bind.JAXBElement
  javax.xml.datatype.Duration
  javax.xml.datatype.XMLGregorianCalendar
  javax.xml.namespace.QName
  javax.xml.transform.Source
  long
  short
  soap.start.serik.web_services.server.jaxws_asm.SayHello
  soap.start.serik.web_services.server.jaxws_asm.SayHelloResponse
  void
" with classes [class soap.start.serik.web_services.server.jaxws_asm.SayHello, class soap.start.serik.web_services.server.jaxws_asm.SayHelloResponse].
29:12:2022 14:50:08.717 SerikHome tomcat {DEBUG} {main} {o.a.c.c.u.ProxyHelper}: current classloader sun.misc.Launcher$AppClassLoader@75b84c92 can see all interface
29:12:2022 14:50:08.718 SerikHome tomcat {DEBUG} {main} {o.a.c.c.u.ProxyHelper}: current classloader sun.misc.Launcher$AppClassLoader@75b84c92 can see all interface
29:12:2022 14:50:08.798 SerikHome tomcat {DEBUG} {main} {o.a.c.c.s.ConfigurerImpl}: Could not determine bean name for instance of class org.apache.cxf.binding.soap.SoapBindingFactory.
29:12:2022 14:50:08.824 SerikHome tomcat {DEBUG} {main} {o.a.c.c.s.ConfigurerImpl}: Could not determine bean name for instance of class org.apache.cxf.wsdl11.WSDLManagerImpl.
29:12:2022 14:50:08.825 SerikHome tomcat {DEBUG} {main} {o.a.c.r.DefaultResourceManager}: resolving resource <org.apache.cxf.wsdl11.WSDLManagerImpl/bus> type <interface org.apache.cxf.Bus>
29:12:2022 14:50:08.826 SerikHome tomcat {DEBUG} {main} {o.a.c.r.DefaultResourceManager}: resolving resource <null> type <interface org.apache.cxf.Bus>
29:12:2022 14:50:08.831 SerikHome tomcat {DEBUG} {main} {o.a.c.c.s.ConfigurerImpl}: Could not determine bean name for instance of class org.apache.cxf.wsdl.ExtensionClassCreatorProxyService.
29:12:2022 14:50:08.846 SerikHome tomcat {DEBUG} {main} {o.a.c.c.s.ConfigurerImpl}: Could not determine bean name for instance of class org.apache.cxf.transport.http.HTTPWSDLExtensionLoader.
29:12:2022 14:50:08.852 SerikHome tomcat {DEBUG} {main} {o.a.c.c.s.ConfigurerImpl}: Could not determine bean name for instance of class org.apache.cxf.binding.xml.wsdl11.XMLWSDLExtensionLoader.
29:12:2022 14:50:08.857 SerikHome tomcat {DEBUG} {main} {o.a.c.c.s.ConfigurerImpl}: Could not determine bean name for instance of class org.apache.cxf.ws.addressing.impl.AddressingWSDLExtensionLoader.
29:12:2022 14:50:08.872 SerikHome tomcat {DEBUG} {main} {o.a.c.c.s.ConfigurerImpl}: Could not determine bean name for instance of class org.apache.cxf.binding.soap.SoapTransportFactory.
29:12:2022 14:50:08.921 SerikHome tomcat {DEBUG} {main} {o.a.c.c.s.ConfigurerImpl}: Could not determine bean name for instance of class org.apache.cxf.transport.http.HTTPTransportFactory.
29:12:2022 14:50:08.936 SerikHome tomcat {DEBUG} {main} {o.a.c.c.s.ConfigurerImpl}: Could not find a definition for bean with id {http://serik.start.soap/}HelloPort.http-destination - no injection will be performed.
29:12:2022 14:50:08.936 SerikHome tomcat {INFO } {main} {o.a.c.e.ServerImpl}: Setting the server's publish address to be /hello
29:12:2022 14:50:08.938 SerikHome tomcat {DEBUG} {main} {o.a.c.c.s.ConfigurerImpl}: Could not determine bean name for instance of class org.apache.cxf.bus.managers.ServerLifeCycleManagerImpl.
29:12:2022 14:50:08.944 SerikHome tomcat {DEBUG} {main} {o.a.c.j.h.AnnotationHandlerChainBuilder}: building handler chain
29:12:2022 14:50:08.944 SerikHome tomcat {DEBUG} {main} {o.a.c.j.h.AnnotationHandlerChainBuilder}: Checking for HandlerChain annotation on soap.start.serik.web_services.server.HelloServiceImpl
29:12:2022 14:50:08.944 SerikHome tomcat {DEBUG} {main} {o.a.c.j.h.AnnotationHandlerChainBuilder}: Checking for HandlerChain annotation on soap.start.serik.web_services.server.HelloService
29:12:2022 14:50:09.051 SerikHome tomcat {DEBUG} {main} {o.a.c.j.h.HandlerChainBuilder}: loading handler
29:12:2022 14:50:09.241 SerikHome tomcat {DEBUG} {main} {o.a.c.j.h.HandlerChainBuilder}: adding handler to chain: soap.start.serik.handlers.PropertyValidator@7ccfdaef
29:12:2022 14:50:09.242 SerikHome tomcat {DEBUG} {main} {o.a.c.j.h.HandlerChainBuilder}: loading handler
29:12:2022 14:50:09.244 SerikHome tomcat {DEBUG} {main} {o.a.c.j.h.HandlerChainBuilder}: adding handler to chain: soap.start.serik.handlers.LoggingHandler@a6e4897
29:12:2022 14:50:09.245 SerikHome tomcat {DEBUG} {main} {o.a.c.c.s.ConfigurerImpl}: Could not find a definition for bean with id {http://serik.start.soap/}HelloService - no injection will be performed.
29:12:2022 14:50:09.246 SerikHome tomcat {DEBUG} {main} {o.a.c.c.s.ConfigurerImpl}: Could not find a definition for bean with id {http://serik.start.soap/}HelloPort.endpoint - no injection will be performed.
29:12:2022 14:50:09.246 SerikHome tomcat {DEBUG} {main} {o.a.c.e.ServerImpl}: Server is starting.
29:12:2022 14:50:09.248 SerikHome tomcat {DEBUG} {main} {o.a.c.t.s.ServletDestination}: registering incoming observer: org.apache.cxf.transport.ChainInitiationObserver@29fe4840
29:12:2022 14:50:09.248 SerikHome tomcat {DEBUG} {main} {o.a.c.e.ServerImpl}: register the server to serverRegistry 
29:12:2022 14:50:09.276 SerikHome tomcat {DEBUG} {main} {o.a.c.c.s.ConfigurerImpl}: Could not find a definition for bean with id {http://bip.bee.kz/SyncChannel/v10/Interfaces}SyncChannelHttpPort.jaxws-endpoint - no injection will be performed.
29:12:2022 14:50:09.277 SerikHome tomcat {DEBUG} {main} {o.a.c.c.s.ConfigurerImpl}: Could not find a definition for bean with id org.apache.cxf.jaxws.JaxWsServerFactoryBean - no injection will be performed.
29:12:2022 14:50:09.282 SerikHome tomcat {INFO } {main} {o.a.c.w.s.f.ReflectionServiceFactoryBean}: Creating Service {http://bip.bee.kz/SyncChannel/v10/Interfaces}ria from class kz.bee.bip.esedo.ISyncChannel
29:12:2022 14:50:09.625 SerikHome tomcat {DEBUG} {main} {o.a.c.j.JAXBDataBinding}: Created JAXBContext "jar:file:/C:/Users/kobla/.m2/repository/org/glassfish/jaxb/jaxb-runtime/2.3.7/jaxb-runtime-2.3.7.jar!/com/sun/xml/bind/v2/runtime/JAXBContextImpl.class Build-Id: 2.3.7
Classes known to this context:
  [B
  boolean
  byte
  char
  com.sun.xml.bind.api.CompositeStructure
  double
  float
  int
  java.awt.Image
  java.io.File
  java.lang.Boolean
  java.lang.Byte
  java.lang.Character
  java.lang.Class
  java.lang.Double
  java.lang.Float
  java.lang.Integer
  java.lang.Long
  java.lang.Object
  java.lang.Short
  java.lang.String
  java.lang.Void
  java.math.BigDecimal
  java.math.BigInteger
  java.net.URI
  java.net.URL
  java.util.Calendar
  java.util.Date
  java.util.GregorianCalendar
  java.util.UUID
  javax.activation.DataHandler
  javax.xml.bind.JAXBElement
  javax.xml.datatype.Duration
  javax.xml.datatype.XMLGregorianCalendar
  javax.xml.namespace.QName
  javax.xml.transform.Source
  kz.bee.bip.SyncChannel.v10.Types.Property
  kz.bee.bip.SyncChannel.v10.Types.SendMessage
  kz.bee.bip.SyncChannel.v10.Types.SendMessageResponse
  kz.bee.bip.SyncChannel.v10.Types.SenderInfo
  kz.bee.bip.SyncChannel.v10.Types.StatusInfo
  kz.bee.bip.SyncChannel.v10.Types.SyncMessageInfo
  kz.bee.bip.SyncChannel.v10.Types.SyncMessageInfoResponse
  kz.bee.bip.SyncChannel.v10.Types.request.Data
  kz.bee.bip.SyncChannel.v10.Types.request.RequestData
  kz.bee.bip.SyncChannel.v10.Types.request.SyncSendMessageRequest
  kz.bee.bip.SyncChannel.v10.Types.response.ResponseData
  kz.bee.bip.SyncChannel.v10.Types.response.SyncSendMessageResponse
  kz.bee.bip.common.v10.Types.ErrorInfo
  kz.bee.bip.esedo.Attachment
  kz.bee.bip.esedo.DocAppeal
  kz.bee.bip.esedo.DocOL
  kz.bee.bip.esedo.DocOutgoing
  kz.bee.bip.esedo.DocSection
  kz.bee.bip.esedo.EECBApprovalData
  kz.bee.bip.esedo.EECBDocumentMetadata
  kz.bee.bip.esedo.EECBPublication
  kz.bee.bip.esedo.Message
  kz.bee.bip.esedo.MetadataSystem
  kz.bee.bip.esedo.Property
  kz.bee.bip.esedo.RequestData
  kz.bee.bip.esedo.ResponseData
  kz.bee.bip.esedo.SendMessage
  kz.bee.bip.esedo.SendMessageResponse
  kz.bee.bip.esedo.SenderInfo
  kz.bee.bip.esedo.StateDelivered
  kz.bee.bip.esedo.StateExecution
  kz.bee.bip.esedo.StateFinished
  kz.bee.bip.esedo.StateNewControl
  kz.bee.bip.esedo.StateNewControlWrong
  kz.bee.bip.esedo.StateNewExDate
  kz.bee.bip.esedo.StateNotValid
  kz.bee.bip.esedo.StateProlongExDate
  kz.bee.bip.esedo.StateRegistered
  kz.bee.bip.esedo.StateStartProcessResponse
  kz.bee.bip.esedo.StateTakeOfControl
  kz.bee.bip.esedo.StateTakeOfControlWrong
  kz.bee.bip.esedo.StatusInfo
  kz.bee.bip.esedo.SyncMessageInfoResponse
  kz.bee.bip.esedo.SyncSendMessageRequest
  kz.bee.bip.esedo.SyncSendMessageResponse
  kz.bee.bip.esedo.System
  kz.bee.bip.esedo.eds.ConfirmRequest
  kz.bee.bip.esedo.eds.ConfirmResponse
  kz.bee.bip.esedo.eds.DownloadRequest
  kz.bee.bip.esedo.eds.DownloadResponse
  kz.bee.bip.esedo.eds.FileConfirmResult
  kz.bee.bip.esedo.eds.FileDownloadResult
  kz.bee.bip.esedo.eds.FileInfo
  kz.bee.bip.esedo.eds.FileInfoResult
  kz.bee.bip.esedo.eds.FileUploadResult
  kz.bee.bip.esedo.eds.GetFileInfoRequest
  kz.bee.bip.esedo.eds.GetFileInfoResponse
  kz.bee.bip.esedo.eds.ProcessStatus
  kz.bee.bip.esedo.eds.TempStorageRequest
  kz.bee.bip.esedo.eds.TempStorageRequestType
  kz.bee.bip.esedo.eds.TempStorageResponse
  kz.bee.bip.esedo.eds.UploadFileRequest
  kz.bee.bip.esedo.eds.UploadRequest
  kz.bee.bip.esedo.eds.UploadResponse
  kz.bee.bip.esedo.nsi.DictionaryElement
  kz.bee.bip.esedo.nsi.DictionaryRequest
  kz.bee.bip.esedo.nsi.DictionaryResponse
  long
  short
  void
" with classes [class kz.bee.bip.esedo.SendMessage, class kz.bee.bip.esedo.SyncSendMessageRequest, class kz.bee.bip.SyncChannel.v10.Types.SyncMessageInfo, class kz.bee.bip.SyncChannel.v10.Types.SenderInfo, class kz.bee.bip.SyncChannel.v10.Types.Property, class kz.bee.bip.esedo.RequestData, class kz.bee.bip.esedo.SendMessageResponse, class kz.bee.bip.esedo.SyncSendMessageResponse, class kz.bee.bip.esedo.SyncMessageInfoResponse, class kz.bee.bip.esedo.StatusInfo, class kz.bee.bip.esedo.ResponseData, class kz.bee.bip.common.v10.Types.ErrorInfo, class kz.bee.bip.SyncChannel.v10.Types.ObjectFactory, class kz.bee.bip.esedo.ObjectFactory].
29:12:2022 14:50:09.625 SerikHome tomcat {DEBUG} {main} {o.a.c.c.u.ProxyHelper}: current classloader sun.misc.Launcher$AppClassLoader@75b84c92 can see all interface
29:12:2022 14:50:09.625 SerikHome tomcat {DEBUG} {main} {o.a.c.c.u.ProxyHelper}: current classloader sun.misc.Launcher$AppClassLoader@75b84c92 can see all interface
29:12:2022 14:50:09.689 SerikHome tomcat {DEBUG} {main} {o.a.c.c.s.ConfigurerImpl}: Could not find a definition for bean with id {http://bip.bee.kz/SyncChannel/v10/Interfaces}SyncChannelHttpPort.http-destination - no injection will be performed.
29:12:2022 14:50:09.689 SerikHome tomcat {INFO } {main} {o.a.c.e.ServerImpl}: Setting the server's publish address to be /sync_channel
29:12:2022 14:50:09.690 SerikHome tomcat {DEBUG} {main} {o.a.c.j.h.AnnotationHandlerChainBuilder}: building handler chain
29:12:2022 14:50:09.690 SerikHome tomcat {DEBUG} {main} {o.a.c.j.h.AnnotationHandlerChainBuilder}: Checking for HandlerChain annotation on kz.bee.bip.esedo.SyncChannelImpl
29:12:2022 14:50:09.690 SerikHome tomcat {DEBUG} {main} {o.a.c.j.h.AnnotationHandlerChainBuilder}: Checking for HandlerChain annotation on kz.bee.bip.esedo.ISyncChannel
29:12:2022 14:50:09.691 SerikHome tomcat {DEBUG} {main} {o.a.c.j.h.HandlerChainBuilder}: loading handler
29:12:2022 14:50:09.691 SerikHome tomcat {DEBUG} {main} {o.a.c.j.h.HandlerChainBuilder}: adding handler to chain: soap.start.serik.handlers.PropertyValidator@75aea2ba
29:12:2022 14:50:09.691 SerikHome tomcat {DEBUG} {main} {o.a.c.j.h.HandlerChainBuilder}: loading handler
29:12:2022 14:50:09.691 SerikHome tomcat {DEBUG} {main} {o.a.c.j.h.HandlerChainBuilder}: adding handler to chain: soap.start.serik.handlers.LoggingHandler@2a47597
29:12:2022 14:50:09.691 SerikHome tomcat {DEBUG} {main} {o.a.c.c.s.ConfigurerImpl}: Could not find a definition for bean with id {http://bip.bee.kz/SyncChannel/v10/Interfaces}ria - no injection will be performed.
29:12:2022 14:50:09.691 SerikHome tomcat {DEBUG} {main} {o.a.c.c.s.ConfigurerImpl}: Could not find a definition for bean with id {http://bip.bee.kz/SyncChannel/v10/Interfaces}SyncChannelHttpPort.endpoint - no injection will be performed.
29:12:2022 14:50:09.691 SerikHome tomcat {DEBUG} {main} {o.a.c.e.ServerImpl}: Server is starting.
29:12:2022 14:50:09.692 SerikHome tomcat {DEBUG} {main} {o.a.c.t.s.ServletDestination}: registering incoming observer: org.apache.cxf.transport.ChainInitiationObserver@12f279b5
29:12:2022 14:50:09.692 SerikHome tomcat {DEBUG} {main} {o.a.c.e.ServerImpl}: register the server to serverRegistry 
29:12:2022 14:50:12.053 SerikHome tomcat {DEBUG} {SpringApplicationShutdownHook} {o.a.c.e.ServerImpl}: Server is stopping.
29:12:2022 14:50:12.054 SerikHome tomcat {DEBUG} {SpringApplicationShutdownHook} {o.a.c.t.s.ServletDestination}: unregistering incoming observer: org.apache.cxf.transport.ChainInitiationObserver@12f279b5
29:12:2022 14:50:12.054 SerikHome tomcat {DEBUG} {SpringApplicationShutdownHook} {o.a.c.e.ServerImpl}: unregister the server to serverRegistry 
29:12:2022 14:50:12.054 SerikHome tomcat {DEBUG} {SpringApplicationShutdownHook} {o.a.c.e.ServerImpl}: Server is stopping.
29:12:2022 14:50:12.054 SerikHome tomcat {DEBUG} {SpringApplicationShutdownHook} {o.a.c.t.s.ServletDestination}: unregistering incoming observer: org.apache.cxf.transport.ChainInitiationObserver@29fe4840
29:12:2022 14:50:12.054 SerikHome tomcat {DEBUG} {SpringApplicationShutdownHook} {o.a.c.e.ServerImpl}: unregister the server to serverRegistry 
